[2025-06-27 07:56:37] ===== Modulogram Pipeline =====
[2025-06-27 07:56:37] Subjects: 1
[2025-06-27 07:56:37] Session : 3
[2025-06-27 07:56:37] Alignments: win
[2025-06-27 07:56:37] 
=== [1/1] Subject EMU024 | Session 3 ===
[2025-06-27 07:56:37]   Loaded setup: 138 channels
[2025-06-27 07:56:37]   -> Alignment 1/1: win
[2025-06-27 07:56:37]     -> Channel 057 (Anterior Middle Temporal Gyrus) [1/138]
[2025-06-27 07:57:14]     -> Channel 056 (Anterior Middle Temporal Gyrus) [2/138]
[2025-06-27 07:57:51]     -> Channel 055 (Anterior Middle Temporal Gyrus) [3/138]
[2025-06-27 07:58:28]     -> Channel 054 (Anterior Middle Temporal Gyrus) [4/138]
[2025-06-27 07:59:04]     -> Channel 053 (Anterior Middle Temporal Gyrus) [5/138]
[2025-06-27 07:59:41]     -> Channel 052 (Anterior Middle Temporal Gyrus) [6/138]
[2025-06-27 08:00:18]     -> Channel 051 (Anterior Middle Temporal Gyrus) [7/138]
[2025-06-27 08:00:55]     -> Channel 050 (Insula) [8/138]
[2025-06-27 08:01:32]     -> Channel 049 (WM (Temporal Stem)*) [9/138]
[2025-06-27 08:02:09]     -> Channel 048 (WM (Temporal Stem)*) [10/138]
[2025-06-27 08:02:45]     -> Channel 047 (WM (Temporal Stem)*) [11/138]
[2025-06-27 08:03:22]     -> Channel 046 (Amygdala) [12/138]
[2025-06-27 08:03:59]     -> Channel 045 (Amygdala) [13/138]
[2025-06-27 08:04:37]     -> Channel 044 (Amygdala) [14/138]
[2025-06-27 08:05:14]     -> Channel 043 (Amygdala) [15/138]
[2025-06-27 08:05:51]     -> Channel 042 (Middle Temporal Gyrus) [16/138]
[2025-06-27 08:06:27]     -> Channel 041 (Middle Temporal Gyrus) [17/138]
[2025-06-27 08:07:04]     -> Channel 040 (Middle Temporal Gyrus) [18/138]
[2025-06-27 08:07:41]     -> Channel 039 (Middle Temporal Gyrus) [19/138]
[2025-06-27 08:08:18]     -> Channel 038 (Middle Temporal Gyrus) [20/138]
[2025-06-27 08:08:55]     -> Channel 037 (Middle Temporal Gyrus) [21/138]
[2025-06-27 08:09:32]     -> Channel 036 (Middle Temporal Gyrus) [22/138]
[2025-06-27 08:10:08]     -> Channel 035 (WM) [23/138]
[2025-06-27 08:10:45]     -> Channel 034 (WM) [24/138]
[2025-06-27 08:11:22]     -> Channel 033 (WM) [25/138]
[2025-06-27 08:11:59]     -> Channel 032 (Hippocampus Head) [26/138]
[2025-06-27 08:12:36]     -> Channel 031 (Hippocampus Head) [27/138]
[2025-06-27 08:13:13]     -> Channel 030 (Hippocampus Head) [28/138]
[2025-06-27 08:13:49]     -> Channel 029 (Hippocampus Head) [29/138]
[2025-06-27 08:14:26]     -> Channel 028 (Hippocampus Head) [30/138]
[2025-06-27 08:15:03]     -> Channel 027 (Posterior Superior Temporal Sulcus) [31/138]
[2025-06-27 08:15:40]     -> Channel 026 (Posterior Superior Temporal Sulcus) [32/138]
[2025-06-27 08:16:17]     -> Channel 025 (Posterior Superior Temporal Sulcus) [33/138]
[2025-06-27 08:16:54]     -> Channel 024 (Posterior Superior Temporal Sulcus) [34/138]
[2025-06-27 08:17:31]     -> Channel 023 (Posterior Superior Temporal Sulcus) [35/138]
[2025-06-27 08:18:07]     -> Channel 022 (Posterior Superior Temporal Sulcus) [36/138]
[2025-06-27 08:18:44]     -> Channel 021 (WM) [37/138]
[2025-06-27 08:19:21]     -> Channel 020 (WM) [38/138]
[2025-06-27 08:19:59]     -> Channel 019 (WM) [39/138]
[2025-06-27 08:20:36]     -> Channel 018 (Hippocampus Tail) [40/138]
[2025-06-27 08:21:13]     -> Channel 017 (Hippocampus Tail) [41/138]
[2025-06-27 08:21:50]     -> Channel 016 (Posterior Parahippocampal) [42/138]
[2025-06-27 08:22:26]     -> Channel 015 (Posterior Parahippocampal) [43/138]
[2025-06-27 08:23:03]     -> Channel 014 (Posterior Parahippocampal) [44/138]
[2025-06-27 08:23:40]     -> Channel 013 (Posterior Parahippocampal) [45/138]
[2025-06-27 08:24:17]     -> Channel 069 (Inferior Temporal Sulcus) [46/138]
[2025-06-27 08:24:54]     -> Channel 068 (Inferior Temporal Sulcus) [47/138]
[2025-06-27 08:25:31]     -> Channel 067 (Inferior Temporal Sulcus) [48/138]
[2025-06-27 08:26:07]     -> Channel 066 (Fusiform Gyrus) [49/138]
[2025-06-27 08:26:44]     -> Channel 065 (Fusiform Gyrus) [50/138]
[2025-06-27 08:27:21]     -> Channel 064 (Fusiform Gyrus) [51/138]
[2025-06-27 08:27:58]     -> Channel 063 (Collateral Sulcus) [52/138]
[2025-06-27 08:28:35]     -> Channel 062 (Collateral Sulcus) [53/138]
[2025-06-27 08:29:12]     -> Channel 061 (Collateral Sulcus) [54/138]
[2025-06-27 08:29:49]     -> Channel 060 (Entorhinal Cortex) [55/138]
[2025-06-27 08:30:26]     -> Channel 059 (Entorhinal Cortex) [56/138]
[2025-06-27 08:31:02]     -> Channel 058 (Entorhinal Cortex) [57/138]
[2025-06-27 08:31:39]     -> Channel 012 (Basal Inferior Temporal Gyrus) [58/138]
[2025-06-27 08:32:16]     -> Channel 011 (Basal Inferior Temporal Gyrus) [59/138]
[2025-06-27 08:32:53]     -> Channel 010 (Basal Inferior Temporal Gyrus) [60/138]
[2025-06-27 08:33:30]     -> Channel 009 (Basal Inferior Temporal Gyrus) [61/138]
[2025-06-27 08:34:07]     -> Channel 008 (Basal Inferior Temporal Gyrus) [62/138]
[2025-06-27 08:34:44]     -> Channel 007 (Basal Inferior Temporal Gyrus) [63/138]
[2025-06-27 08:35:21]     -> Channel 006 (Temporal Occipital Sulcus*) [64/138]
[2025-06-27 08:35:58]     -> Channel 005 (Fusiform Gyrus) [65/138]
[2025-06-27 08:36:35]     -> Channel 004 (Fusiform Gyrus) [66/138]
[2025-06-27 08:37:12]     -> Channel 003 (Fusiform Gyrus) [67/138]
[2025-06-27 08:37:48]     -> Channel 002 (Parahippocampal) [68/138]
[2025-06-27 08:38:25]     -> Channel 001 (Parahippocampal) [69/138]
[2025-06-27 08:39:02]     -> Channel 079 (Out) [70/138]
[2025-06-27 08:39:39]     -> Channel 078 (Out) [71/138]
[2025-06-27 08:40:16]     -> Channel 077 (Middle Temporal Gyrus) [72/138]
[2025-06-27 08:40:53]     -> Channel 076 (Middle Temporal Gyrus) [73/138]
[2025-06-27 08:41:29]     -> Channel 075 (Temporal Pole*) [74/138]
[2025-06-27 08:42:06]     -> Channel 074 (Temporal Pole*) [75/138]
[2025-06-27 08:42:43]     -> Channel 073 (Temporal Pole*) [76/138]
[2025-06-27 08:43:20]     -> Channel 072 (Temporal Pole*) [77/138]
[2025-06-27 08:43:57]     -> Channel 071 (Temporal Pole*) [78/138]
[2025-06-27 08:44:34]     -> Channel 070 (Temporal Pole*) [79/138]
[2025-06-27 08:45:11]     -> Channel 094 (Planum Polare) [80/138]
[2025-06-27 08:45:47]     -> Channel 093 (Planum Polare) [81/138]
[2025-06-27 08:46:24]     -> Channel 092 (Planum Polare) [82/138]
[2025-06-27 08:47:01]     -> Channel 091 (Planum Polare) [83/138]
[2025-06-27 08:47:38]     -> Channel 090 (Sylvian Fissure) [84/138]
[2025-06-27 08:48:15]     -> Channel 089 (Ventral Insula) [85/138]
[2025-06-27 08:48:52]     -> Channel 088 (Ventral Insula) [86/138]
[2025-06-27 08:49:28]     -> Channel 087 (Ventral Insula) [87/138]
[2025-06-27 08:50:05]     -> Channel 086 (Posterior Orbitofrontal) [88/138]
[2025-06-27 08:50:43]     -> Channel 085 (Posterior Orbitofrontal) [89/138]
[2025-06-27 08:51:19]     -> Channel 084 (Posterior Orbitofrontal) [90/138]
[2025-06-27 08:51:56]     -> Channel 083 (Posterior Orbitofrontal) [91/138]
[2025-06-27 08:52:33]     -> Channel 082 (Posterior Orbitofrontal) [92/138]
[2025-06-27 08:53:10]     -> Channel 081 (Posterior Orbitofrontal) [93/138]
[2025-06-27 08:53:46]     -> Channel 080 (Posterior Orbitofrontal) [94/138]
[2025-06-27 08:54:23]     -> Channel 102 (Planum Polare) [95/138]
[2025-06-27 08:55:00]     -> Channel 101 (Planum Polare) [96/138]
[2025-06-27 08:55:37]     -> Channel 100 (Planum Polare) [97/138]
[2025-06-27 08:56:14]     -> Channel 099 (Planum Polare) [98/138]
[2025-06-27 08:56:50]     -> Channel 098 (Sylvian Fissure) [99/138]
[2025-06-27 08:57:27]     -> Channel 097 (Ventral Insula) [100/138]
[2025-06-27 08:58:04]     -> Channel 096 (Ventral Insula) [101/138]
[2025-06-27 08:58:41]     -> Channel 095 (Ventral Insula) [102/138]
[2025-06-27 08:59:18]     -> Channel 120 (Out) [103/138]
[2025-06-27 08:59:54]     -> Channel 119 (Planum Temporale) [104/138]
[2025-06-27 09:00:31]     -> Channel 118 (Planum Temporale) [105/138]
[2025-06-27 09:01:08]     -> Channel 117 (Planum Temporale) [106/138]
[2025-06-27 09:01:45]     -> Channel 116 (Planum Temporale) [107/138]
[2025-06-27 09:02:22]     -> Channel 115 (Planum Temporale) [108/138]
[2025-06-27 09:02:59]     -> Channel 114 (Planum Temporale) [109/138]
[2025-06-27 09:03:35]     -> Channel 113 (Heschl's Gyrus) [110/138]
[2025-06-27 09:04:12]     -> Channel 112 (Heschl's Gyrus) [111/138]
[2025-06-27 09:04:49]     -> Channel 111 (Heschl's Gyrus) [112/138]
[2025-06-27 09:05:26]     -> Channel 110 (Heschl's Gyrus) [113/138]
[2025-06-27 09:06:03]     -> Channel 109 (Posterior Insula) [114/138]
[2025-06-27 09:06:40]     -> Channel 108 (WM) [115/138]
[2025-06-27 09:07:17]     -> Channel 107 (WM) [116/138]
[2025-06-27 09:07:54]     -> Channel 106 (Pulvinar) [117/138]
[2025-06-27 09:08:30]     -> Channel 105 (Pulvinar) [118/138]
[2025-06-27 09:09:07]     -> Channel 104 (Pulvinar) [119/138]
[2025-06-27 09:09:44]     -> Channel 103 (Pulvinar) [120/138]
[2025-06-27 09:10:21]     -> Channel 138 (WM) [121/138]
[2025-06-27 09:10:58]     -> Channel 137 (WM) [122/138]
[2025-06-27 09:11:34]     -> Channel 136 (WM) [123/138]
[2025-06-27 09:12:11]     -> Channel 135 (WM) [124/138]
[2025-06-27 09:12:48]     -> Channel 134 (WM) [125/138]
[2025-06-27 09:13:25]     -> Channel 133 (WM) [126/138]
[2025-06-27 09:14:02]     -> Channel 132 (WM) [127/138]
[2025-06-27 09:14:39]     -> Channel 131 (WM) [128/138]
[2025-06-27 09:15:15]     -> Channel 130 (WM) [129/138]
[2025-06-27 09:15:52]     -> Channel 129 (WM) [130/138]
[2025-06-27 09:16:29]     -> Channel 128 (WM) [131/138]
[2025-06-27 09:17:06]     -> Channel 127 (WM) [132/138]
[2025-06-27 09:17:43]     -> Channel 126 (WM) [133/138]
[2025-06-27 09:18:19]     -> Channel 125 (WM) [134/138]
[2025-06-27 09:18:56]     -> Channel 124 (WM) [135/138]
[2025-06-27 09:19:33]     -> Channel 123 (Posterior Cingulate) [136/138]
[2025-06-27 09:20:10]     -> Channel 122 (Posterior Cingulate) [137/138]
[2025-06-27 09:20:47]     -> Channel 121 (Posterior Cingulate) [138/138]
[2025-06-27 09:21:24]   Saved subject data to /home/alabwam1/Desktop/modulogram_V7/trial-run-3/EMU024_win_mod20-80_session3_bw5_bins36/EMU024_session3_struct.mat
[2025-06-27 09:21:24] Saved combined data to /home/alabwam1/Desktop/modulogram_V7/trial-run-3/EMU024_win_mod20-80_session3_bw5_bins36/allSubjects_session3_20250627_092124.mat
