[2025-06-27 09:21:24] ===== Modulogram Pipeline =====
[2025-06-27 09:21:24] Subjects: 1
[2025-06-27 09:21:24] Session : 1
[2025-06-27 09:21:24] Alignments: loss
[2025-06-27 09:21:24] 
=== [1/1] Subject EMU024 | Session 1 ===
[2025-06-27 09:21:24]   Loaded setup: 138 channels
[2025-06-27 09:21:24]   -> Alignment 1/1: loss
[2025-06-27 09:21:24]     -> Channel 057 (Anterior Middle Temporal Gyrus) [1/138]
[2025-06-27 09:23:09]     -> Channel 056 (Anterior Middle Temporal Gyrus) [2/138]
[2025-06-27 09:24:53]     -> Channel 055 (Anterior Middle Temporal Gyrus) [3/138]
[2025-06-27 09:26:37]     -> Channel 054 (Anterior Middle Temporal Gyrus) [4/138]
[2025-06-27 09:28:20]     -> Channel 053 (Anterior Middle Temporal Gyrus) [5/138]
[2025-06-27 09:30:04]     -> Channel 052 (Anterior Middle Temporal Gyrus) [6/138]
[2025-06-27 09:31:48]     -> Channel 051 (Anterior Middle Temporal Gyrus) [7/138]
[2025-06-27 09:33:32]     -> Channel 050 (Insula) [8/138]
[2025-06-27 09:35:15]     -> Channel 049 (WM (Temporal Stem)*) [9/138]
[2025-06-27 09:37:00]     -> Channel 048 (WM (Temporal Stem)*) [10/138]
[2025-06-27 09:38:43]     -> Channel 047 (WM (Temporal Stem)*) [11/138]
[2025-06-27 09:40:27]     -> Channel 046 (Amygdala) [12/138]
[2025-06-27 09:42:11]     -> Channel 045 (Amygdala) [13/138]
[2025-06-27 09:43:55]     -> Channel 044 (Amygdala) [14/138]
[2025-06-27 09:45:38]     -> Channel 043 (Amygdala) [15/138]
[2025-06-27 09:47:22]     -> Channel 042 (Middle Temporal Gyrus) [16/138]
[2025-06-27 09:49:06]     -> Channel 041 (Middle Temporal Gyrus) [17/138]
[2025-06-27 09:50:50]     -> Channel 040 (Middle Temporal Gyrus) [18/138]
[2025-06-27 09:52:34]     -> Channel 039 (Middle Temporal Gyrus) [19/138]
[2025-06-27 09:54:18]     -> Channel 038 (Middle Temporal Gyrus) [20/138]
[2025-06-27 09:56:02]     -> Channel 037 (Middle Temporal Gyrus) [21/138]
[2025-06-27 09:57:46]     -> Channel 036 (Middle Temporal Gyrus) [22/138]
[2025-06-27 09:59:30]     -> Channel 035 (WM) [23/138]
[2025-06-27 10:01:13]     -> Channel 034 (WM) [24/138]
[2025-06-27 10:02:57]     -> Channel 033 (WM) [25/138]
[2025-06-27 10:04:41]     -> Channel 032 (Hippocampus Head) [26/138]
[2025-06-27 10:06:25]     -> Channel 031 (Hippocampus Head) [27/138]
[2025-06-27 10:08:09]     -> Channel 030 (Hippocampus Head) [28/138]
[2025-06-27 10:09:53]     -> Channel 029 (Hippocampus Head) [29/138]
[2025-06-27 10:11:37]     -> Channel 028 (Hippocampus Head) [30/138]
[2025-06-27 10:13:20]     -> Channel 027 (Posterior Superior Temporal Sulcus) [31/138]
[2025-06-27 10:15:04]     -> Channel 026 (Posterior Superior Temporal Sulcus) [32/138]
[2025-06-27 10:16:48]     -> Channel 025 (Posterior Superior Temporal Sulcus) [33/138]
[2025-06-27 10:18:32]     -> Channel 024 (Posterior Superior Temporal Sulcus) [34/138]
[2025-06-27 10:20:16]     -> Channel 023 (Posterior Superior Temporal Sulcus) [35/138]
[2025-06-27 10:22:00]     -> Channel 022 (Posterior Superior Temporal Sulcus) [36/138]
[2025-06-27 10:23:44]     -> Channel 021 (WM) [37/138]
[2025-06-27 10:25:28]     -> Channel 020 (WM) [38/138]
[2025-06-27 10:27:12]     -> Channel 019 (WM) [39/138]
[2025-06-27 10:28:56]     -> Channel 018 (Hippocampus Tail) [40/138]
[2025-06-27 10:30:39]     -> Channel 017 (Hippocampus Tail) [41/138]
[2025-06-27 10:32:23]     -> Channel 016 (Posterior Parahippocampal) [42/138]
[2025-06-27 10:34:07]     -> Channel 015 (Posterior Parahippocampal) [43/138]
[2025-06-27 10:35:51]     -> Channel 014 (Posterior Parahippocampal) [44/138]
[2025-06-27 10:37:35]     -> Channel 013 (Posterior Parahippocampal) [45/138]
[2025-06-27 10:39:19]     -> Channel 069 (Inferior Temporal Sulcus) [46/138]
[2025-06-27 10:41:03]     -> Channel 068 (Inferior Temporal Sulcus) [47/138]
[2025-06-27 10:42:47]     -> Channel 067 (Inferior Temporal Sulcus) [48/138]
[2025-06-27 10:44:31]     -> Channel 066 (Fusiform Gyrus) [49/138]
[2025-06-27 10:46:14]     -> Channel 065 (Fusiform Gyrus) [50/138]
[2025-06-27 10:47:58]     -> Channel 064 (Fusiform Gyrus) [51/138]
[2025-06-27 10:49:42]     -> Channel 063 (Collateral Sulcus) [52/138]
[2025-06-27 10:51:26]     -> Channel 062 (Collateral Sulcus) [53/138]
[2025-06-27 10:53:10]     -> Channel 061 (Collateral Sulcus) [54/138]
[2025-06-27 10:54:54]     -> Channel 060 (Entorhinal Cortex) [55/138]
[2025-06-27 10:56:37]     -> Channel 059 (Entorhinal Cortex) [56/138]
[2025-06-27 10:58:21]     -> Channel 058 (Entorhinal Cortex) [57/138]
[2025-06-27 11:00:05]     -> Channel 012 (Basal Inferior Temporal Gyrus) [58/138]
[2025-06-27 11:01:49]     -> Channel 011 (Basal Inferior Temporal Gyrus) [59/138]
[2025-06-27 11:03:33]     -> Channel 010 (Basal Inferior Temporal Gyrus) [60/138]
[2025-06-27 11:05:16]     -> Channel 009 (Basal Inferior Temporal Gyrus) [61/138]
[2025-06-27 11:07:01]     -> Channel 008 (Basal Inferior Temporal Gyrus) [62/138]
[2025-06-27 11:08:44]     -> Channel 007 (Basal Inferior Temporal Gyrus) [63/138]
[2025-06-27 11:10:28]     -> Channel 006 (Temporal Occipital Sulcus*) [64/138]
[2025-06-27 11:12:12]     -> Channel 005 (Fusiform Gyrus) [65/138]
[2025-06-27 11:13:56]     -> Channel 004 (Fusiform Gyrus) [66/138]
[2025-06-27 11:15:40]     -> Channel 003 (Fusiform Gyrus) [67/138]
[2025-06-27 11:17:24]     -> Channel 002 (Parahippocampal) [68/138]
[2025-06-27 11:19:07]     -> Channel 001 (Parahippocampal) [69/138]
[2025-06-27 11:20:51]     -> Channel 079 (Out) [70/138]
[2025-06-27 11:22:35]     -> Channel 078 (Out) [71/138]
[2025-06-27 11:24:19]     -> Channel 077 (Middle Temporal Gyrus) [72/138]
[2025-06-27 11:26:03]     -> Channel 076 (Middle Temporal Gyrus) [73/138]
[2025-06-27 11:27:47]     -> Channel 075 (Temporal Pole*) [74/138]
[2025-06-27 11:29:31]     -> Channel 074 (Temporal Pole*) [75/138]
[2025-06-27 11:31:14]     -> Channel 073 (Temporal Pole*) [76/138]
[2025-06-27 11:32:58]     -> Channel 072 (Temporal Pole*) [77/138]
[2025-06-27 11:34:42]     -> Channel 071 (Temporal Pole*) [78/138]
[2025-06-27 11:36:26]     -> Channel 070 (Temporal Pole*) [79/138]
[2025-06-27 11:38:10]     -> Channel 094 (Planum Polare) [80/138]
[2025-06-27 11:39:54]     -> Channel 093 (Planum Polare) [81/138]
[2025-06-27 11:41:38]     -> Channel 092 (Planum Polare) [82/138]
[2025-06-27 11:43:22]     -> Channel 091 (Planum Polare) [83/138]
[2025-06-27 11:45:07]     -> Channel 090 (Sylvian Fissure) [84/138]
[2025-06-27 11:46:50]     -> Channel 089 (Ventral Insula) [85/138]
[2025-06-27 11:48:34]     -> Channel 088 (Ventral Insula) [86/138]
[2025-06-27 11:50:18]     -> Channel 087 (Ventral Insula) [87/138]
[2025-06-27 11:52:02]     -> Channel 086 (Posterior Orbitofrontal) [88/138]
[2025-06-27 11:53:46]     -> Channel 085 (Posterior Orbitofrontal) [89/138]
[2025-06-27 11:55:30]     -> Channel 084 (Posterior Orbitofrontal) [90/138]
[2025-06-27 11:57:14]     -> Channel 083 (Posterior Orbitofrontal) [91/138]
[2025-06-27 11:58:58]     -> Channel 082 (Posterior Orbitofrontal) [92/138]
[2025-06-27 12:00:41]     -> Channel 081 (Posterior Orbitofrontal) [93/138]
[2025-06-27 12:02:25]     -> Channel 080 (Posterior Orbitofrontal) [94/138]
[2025-06-27 12:04:09]     -> Channel 102 (Planum Polare) [95/138]
[2025-06-27 12:05:53]     -> Channel 101 (Planum Polare) [96/138]
[2025-06-27 12:07:37]     -> Channel 100 (Planum Polare) [97/138]
[2025-06-27 12:09:21]     -> Channel 099 (Planum Polare) [98/138]
[2025-06-27 12:11:05]     -> Channel 098 (Sylvian Fissure) [99/138]
[2025-06-27 12:12:48]     -> Channel 097 (Ventral Insula) [100/138]
[2025-06-27 12:14:32]     -> Channel 096 (Ventral Insula) [101/138]
[2025-06-27 12:16:16]     -> Channel 095 (Ventral Insula) [102/138]
[2025-06-27 12:18:00]     -> Channel 120 (Out) [103/138]
[2025-06-27 12:19:44]     -> Channel 119 (Planum Temporale) [104/138]
[2025-06-27 12:21:27]     -> Channel 118 (Planum Temporale) [105/138]
[2025-06-27 12:23:12]     -> Channel 117 (Planum Temporale) [106/138]
[2025-06-27 12:24:55]     -> Channel 116 (Planum Temporale) [107/138]
[2025-06-27 12:26:39]     -> Channel 115 (Planum Temporale) [108/138]
[2025-06-27 12:28:23]     -> Channel 114 (Planum Temporale) [109/138]
[2025-06-27 12:30:06]     -> Channel 113 (Heschl's Gyrus) [110/138]
[2025-06-27 12:31:50]     -> Channel 112 (Heschl's Gyrus) [111/138]
[2025-06-27 12:33:34]     -> Channel 111 (Heschl's Gyrus) [112/138]
[2025-06-27 12:35:18]     -> Channel 110 (Heschl's Gyrus) [113/138]
[2025-06-27 12:37:02]     -> Channel 109 (Posterior Insula) [114/138]
[2025-06-27 12:38:46]     -> Channel 108 (WM) [115/138]
[2025-06-27 12:40:30]     -> Channel 107 (WM) [116/138]
[2025-06-27 12:42:13]     -> Channel 106 (Pulvinar) [117/138]
[2025-06-27 12:43:57]     -> Channel 105 (Pulvinar) [118/138]
[2025-06-27 12:45:41]     -> Channel 104 (Pulvinar) [119/138]
[2025-06-27 12:47:25]     -> Channel 103 (Pulvinar) [120/138]
[2025-06-27 12:49:09]     -> Channel 138 (WM) [121/138]
[2025-06-27 12:50:52]     -> Channel 137 (WM) [122/138]
[2025-06-27 12:52:37]     -> Channel 136 (WM) [123/138]
[2025-06-27 12:54:20]     -> Channel 135 (WM) [124/138]
[2025-06-27 12:56:04]     -> Channel 134 (WM) [125/138]
[2025-06-27 12:57:48]     -> Channel 133 (WM) [126/138]
[2025-06-27 12:59:32]     -> Channel 132 (WM) [127/138]
[2025-06-27 13:01:16]     -> Channel 131 (WM) [128/138]
[2025-06-27 13:03:00]     -> Channel 130 (WM) [129/138]
[2025-06-27 13:04:43]     -> Channel 129 (WM) [130/138]
[2025-06-27 13:06:27]     -> Channel 128 (WM) [131/138]
[2025-06-27 13:08:11]     -> Channel 127 (WM) [132/138]
[2025-06-27 13:09:56]     -> Channel 126 (WM) [133/138]
[2025-06-27 13:11:40]     -> Channel 125 (WM) [134/138]
[2025-06-27 13:13:25]     -> Channel 124 (WM) [135/138]
[2025-06-27 13:15:09]     -> Channel 123 (Posterior Cingulate) [136/138]
[2025-06-27 13:16:53]     -> Channel 122 (Posterior Cingulate) [137/138]
[2025-06-27 13:18:37]     -> Channel 121 (Posterior Cingulate) [138/138]
[2025-06-27 13:20:21]   Saved subject data to /home/alabwam1/Desktop/modulogram_V7/trial-run-3/EMU024_loss_mod30-120_session1_bw5_bins36/EMU024_session1_struct.mat
[2025-06-27 13:20:22] Saved combined data to /home/alabwam1/Desktop/modulogram_V7/trial-run-3/EMU024_loss_mod30-120_session1_bw5_bins36/allSubjects_session1_20250627_132021.mat
