[2025-06-27 18:20:57] ===== Modulogram Pipeline =====
[2025-06-27 18:20:57] Subjects: 1
[2025-06-27 18:20:57] Session : 1
[2025-06-27 18:20:57] Alignments: loss
[2025-06-27 18:20:57] 
=== [1/1] Subject EMU024 | Session 1 ===
[2025-06-27 18:20:57]   Loaded setup: 138 channels
[2025-06-27 18:20:57]   -> Alignment 1/1: loss
[2025-06-27 18:20:57]     -> Channel 057 (Anterior Middle Temporal Gyrus) [1/138]
[2025-06-27 18:22:10]     -> Channel 056 (Anterior Middle Temporal Gyrus) [2/138]
[2025-06-27 18:23:22]     -> Channel 055 (Anterior Middle Temporal Gyrus) [3/138]
[2025-06-27 18:24:35]     -> Channel 054 (Anterior Middle Temporal Gyrus) [4/138]
[2025-06-27 18:25:47]     -> Channel 053 (Anterior Middle Temporal Gyrus) [5/138]
[2025-06-27 18:27:00]     -> Channel 052 (Anterior Middle Temporal Gyrus) [6/138]
[2025-06-27 18:28:13]     -> Channel 051 (Anterior Middle Temporal Gyrus) [7/138]
[2025-06-27 18:29:25]     -> Channel 050 (Insula) [8/138]
[2025-06-27 18:30:38]     -> Channel 049 (WM (Temporal Stem)*) [9/138]
[2025-06-27 18:31:51]     -> Channel 048 (WM (Temporal Stem)*) [10/138]
[2025-06-27 18:33:03]     -> Channel 047 (WM (Temporal Stem)*) [11/138]
[2025-06-27 18:34:16]     -> Channel 046 (Amygdala) [12/138]
[2025-06-27 18:35:28]     -> Channel 045 (Amygdala) [13/138]
[2025-06-27 18:36:41]     -> Channel 044 (Amygdala) [14/138]
[2025-06-27 18:37:54]     -> Channel 043 (Amygdala) [15/138]
[2025-06-27 18:39:06]     -> Channel 042 (Middle Temporal Gyrus) [16/138]
[2025-06-27 18:40:19]     -> Channel 041 (Middle Temporal Gyrus) [17/138]
[2025-06-27 18:41:32]     -> Channel 040 (Middle Temporal Gyrus) [18/138]
[2025-06-27 18:42:44]     -> Channel 039 (Middle Temporal Gyrus) [19/138]
[2025-06-27 18:43:57]     -> Channel 038 (Middle Temporal Gyrus) [20/138]
[2025-06-27 18:45:10]     -> Channel 037 (Middle Temporal Gyrus) [21/138]
[2025-06-27 18:46:22]     -> Channel 036 (Middle Temporal Gyrus) [22/138]
[2025-06-27 18:47:35]     -> Channel 035 (WM) [23/138]
[2025-06-27 18:48:47]     -> Channel 034 (WM) [24/138]
[2025-06-27 18:50:01]     -> Channel 033 (WM) [25/138]
[2025-06-27 18:51:14]     -> Channel 032 (Hippocampus Head) [26/138]
[2025-06-27 18:52:26]     -> Channel 031 (Hippocampus Head) [27/138]
[2025-06-27 18:53:39]     -> Channel 030 (Hippocampus Head) [28/138]
[2025-06-27 18:54:52]     -> Channel 029 (Hippocampus Head) [29/138]
[2025-06-27 18:56:04]     -> Channel 028 (Hippocampus Head) [30/138]
[2025-06-27 18:57:18]     -> Channel 027 (Posterior Superior Temporal Sulcus) [31/138]
[2025-06-27 18:58:30]     -> Channel 026 (Posterior Superior Temporal Sulcus) [32/138]
[2025-06-27 18:59:43]     -> Channel 025 (Posterior Superior Temporal Sulcus) [33/138]
[2025-06-27 19:00:56]     -> Channel 024 (Posterior Superior Temporal Sulcus) [34/138]
[2025-06-27 19:02:09]     -> Channel 023 (Posterior Superior Temporal Sulcus) [35/138]
[2025-06-27 19:03:21]     -> Channel 022 (Posterior Superior Temporal Sulcus) [36/138]
[2025-06-27 19:04:34]     -> Channel 021 (WM) [37/138]
[2025-06-27 19:05:47]     -> Channel 020 (WM) [38/138]
[2025-06-27 19:06:59]     -> Channel 019 (WM) [39/138]
