[2025-06-27 13:20:22] ===== Modulogram Pipeline =====
[2025-06-27 13:20:22] Subjects: 1
[2025-06-27 13:20:22] Session : 2
[2025-06-27 13:20:22] Alignments: loss
[2025-06-27 13:20:22] 
=== [1/1] Subject EMU024 | Session 2 ===
[2025-06-27 13:20:22]   Loaded setup: 138 channels
[2025-06-27 13:20:22]   -> Alignment 1/1: loss
[2025-06-27 13:20:22]     -> Channel 057 (Anterior Middle Temporal Gyrus) [1/138]
[2025-06-27 13:21:40]     -> Channel 056 (Anterior Middle Temporal Gyrus) [2/138]
[2025-06-27 13:22:58]     -> Channel 055 (Anterior Middle Temporal Gyrus) [3/138]
[2025-06-27 13:24:17]     -> Channel 054 (Anterior Middle Temporal Gyrus) [4/138]
[2025-06-27 13:25:35]     -> Channel 053 (Anterior Middle Temporal Gyrus) [5/138]
[2025-06-27 13:26:53]     -> Channel 052 (Anterior Middle Temporal Gyrus) [6/138]
[2025-06-27 13:28:11]     -> Channel 051 (Anterior Middle Temporal Gyrus) [7/138]
[2025-06-27 13:29:30]     -> Channel 050 (Insula) [8/138]
[2025-06-27 13:30:48]     -> Channel 049 (WM (Temporal Stem)*) [9/138]
[2025-06-27 13:32:06]     -> Channel 048 (WM (Temporal Stem)*) [10/138]
[2025-06-27 13:33:24]     -> Channel 047 (WM (Temporal Stem)*) [11/138]
[2025-06-27 13:34:42]     -> Channel 046 (Amygdala) [12/138]
[2025-06-27 13:36:00]     -> Channel 045 (Amygdala) [13/138]
[2025-06-27 13:37:18]     -> Channel 044 (Amygdala) [14/138]
[2025-06-27 13:38:37]     -> Channel 043 (Amygdala) [15/138]
[2025-06-27 13:39:55]     -> Channel 042 (Middle Temporal Gyrus) [16/138]
[2025-06-27 13:41:13]     -> Channel 041 (Middle Temporal Gyrus) [17/138]
[2025-06-27 13:42:31]     -> Channel 040 (Middle Temporal Gyrus) [18/138]
[2025-06-27 13:43:49]     -> Channel 039 (Middle Temporal Gyrus) [19/138]
[2025-06-27 13:45:07]     -> Channel 038 (Middle Temporal Gyrus) [20/138]
[2025-06-27 13:46:25]     -> Channel 037 (Middle Temporal Gyrus) [21/138]
[2025-06-27 13:47:44]     -> Channel 036 (Middle Temporal Gyrus) [22/138]
[2025-06-27 13:49:02]     -> Channel 035 (WM) [23/138]
[2025-06-27 13:50:20]     -> Channel 034 (WM) [24/138]
[2025-06-27 13:51:38]     -> Channel 033 (WM) [25/138]
[2025-06-27 13:52:56]     -> Channel 032 (Hippocampus Head) [26/138]
[2025-06-27 13:54:14]     -> Channel 031 (Hippocampus Head) [27/138]
[2025-06-27 13:55:32]     -> Channel 030 (Hippocampus Head) [28/138]
[2025-06-27 13:56:50]     -> Channel 029 (Hippocampus Head) [29/138]
[2025-06-27 13:58:08]     -> Channel 028 (Hippocampus Head) [30/138]
[2025-06-27 13:59:26]     -> Channel 027 (Posterior Superior Temporal Sulcus) [31/138]
[2025-06-27 14:00:45]     -> Channel 026 (Posterior Superior Temporal Sulcus) [32/138]
[2025-06-27 14:02:03]     -> Channel 025 (Posterior Superior Temporal Sulcus) [33/138]
[2025-06-27 14:03:21]     -> Channel 024 (Posterior Superior Temporal Sulcus) [34/138]
[2025-06-27 14:04:39]     -> Channel 023 (Posterior Superior Temporal Sulcus) [35/138]
[2025-06-27 14:05:57]     -> Channel 022 (Posterior Superior Temporal Sulcus) [36/138]
[2025-06-27 14:07:16]     -> Channel 021 (WM) [37/138]
[2025-06-27 14:08:34]     -> Channel 020 (WM) [38/138]
[2025-06-27 14:09:52]     -> Channel 019 (WM) [39/138]
[2025-06-27 14:11:11]     -> Channel 018 (Hippocampus Tail) [40/138]
[2025-06-27 14:12:29]     -> Channel 017 (Hippocampus Tail) [41/138]
[2025-06-27 14:13:47]     -> Channel 016 (Posterior Parahippocampal) [42/138]
[2025-06-27 14:15:05]     -> Channel 015 (Posterior Parahippocampal) [43/138]
[2025-06-27 14:16:24]     -> Channel 014 (Posterior Parahippocampal) [44/138]
[2025-06-27 14:17:42]     -> Channel 013 (Posterior Parahippocampal) [45/138]
[2025-06-27 14:19:00]     -> Channel 069 (Inferior Temporal Sulcus) [46/138]
[2025-06-27 14:20:18]     -> Channel 068 (Inferior Temporal Sulcus) [47/138]
[2025-06-27 14:21:36]     -> Channel 067 (Inferior Temporal Sulcus) [48/138]
[2025-06-27 14:22:54]     -> Channel 066 (Fusiform Gyrus) [49/138]
[2025-06-27 14:24:13]     -> Channel 065 (Fusiform Gyrus) [50/138]
[2025-06-27 14:25:31]     -> Channel 064 (Fusiform Gyrus) [51/138]
[2025-06-27 14:26:49]     -> Channel 063 (Collateral Sulcus) [52/138]
[2025-06-27 14:28:07]     -> Channel 062 (Collateral Sulcus) [53/138]
[2025-06-27 14:29:25]     -> Channel 061 (Collateral Sulcus) [54/138]
[2025-06-27 14:30:43]     -> Channel 060 (Entorhinal Cortex) [55/138]
[2025-06-27 14:32:01]     -> Channel 059 (Entorhinal Cortex) [56/138]
[2025-06-27 14:33:19]     -> Channel 058 (Entorhinal Cortex) [57/138]
[2025-06-27 14:34:38]     -> Channel 012 (Basal Inferior Temporal Gyrus) [58/138]
[2025-06-27 14:35:56]     -> Channel 011 (Basal Inferior Temporal Gyrus) [59/138]
[2025-06-27 14:37:14]     -> Channel 010 (Basal Inferior Temporal Gyrus) [60/138]
[2025-06-27 14:38:32]     -> Channel 009 (Basal Inferior Temporal Gyrus) [61/138]
[2025-06-27 14:39:50]     -> Channel 008 (Basal Inferior Temporal Gyrus) [62/138]
[2025-06-27 14:41:09]     -> Channel 007 (Basal Inferior Temporal Gyrus) [63/138]
[2025-06-27 14:42:27]     -> Channel 006 (Temporal Occipital Sulcus*) [64/138]
[2025-06-27 14:43:45]     -> Channel 005 (Fusiform Gyrus) [65/138]
[2025-06-27 14:45:03]     -> Channel 004 (Fusiform Gyrus) [66/138]
[2025-06-27 14:46:21]     -> Channel 003 (Fusiform Gyrus) [67/138]
[2025-06-27 14:47:39]     -> Channel 002 (Parahippocampal) [68/138]
[2025-06-27 14:48:57]     -> Channel 001 (Parahippocampal) [69/138]
[2025-06-27 14:50:15]     -> Channel 079 (Out) [70/138]
[2025-06-27 14:51:33]     -> Channel 078 (Out) [71/138]
[2025-06-27 14:52:52]     -> Channel 077 (Middle Temporal Gyrus) [72/138]
[2025-06-27 14:54:10]     -> Channel 076 (Middle Temporal Gyrus) [73/138]
[2025-06-27 14:55:28]     -> Channel 075 (Temporal Pole*) [74/138]
[2025-06-27 14:56:46]     -> Channel 074 (Temporal Pole*) [75/138]
[2025-06-27 14:58:05]     -> Channel 073 (Temporal Pole*) [76/138]
[2025-06-27 14:59:23]     -> Channel 072 (Temporal Pole*) [77/138]
[2025-06-27 15:00:41]     -> Channel 071 (Temporal Pole*) [78/138]
[2025-06-27 15:01:59]     -> Channel 070 (Temporal Pole*) [79/138]
[2025-06-27 15:03:17]     -> Channel 094 (Planum Polare) [80/138]
[2025-06-27 15:04:35]     -> Channel 093 (Planum Polare) [81/138]
[2025-06-27 15:05:53]     -> Channel 092 (Planum Polare) [82/138]
[2025-06-27 15:07:11]     -> Channel 091 (Planum Polare) [83/138]
[2025-06-27 15:08:29]     -> Channel 090 (Sylvian Fissure) [84/138]
[2025-06-27 15:09:48]     -> Channel 089 (Ventral Insula) [85/138]
[2025-06-27 15:11:06]     -> Channel 088 (Ventral Insula) [86/138]
[2025-06-27 15:12:24]     -> Channel 087 (Ventral Insula) [87/138]
[2025-06-27 15:13:42]     -> Channel 086 (Posterior Orbitofrontal) [88/138]
[2025-06-27 15:15:00]     -> Channel 085 (Posterior Orbitofrontal) [89/138]
[2025-06-27 15:16:18]     -> Channel 084 (Posterior Orbitofrontal) [90/138]
[2025-06-27 15:17:36]     -> Channel 083 (Posterior Orbitofrontal) [91/138]
[2025-06-27 15:18:54]     -> Channel 082 (Posterior Orbitofrontal) [92/138]
[2025-06-27 15:20:12]     -> Channel 081 (Posterior Orbitofrontal) [93/138]
[2025-06-27 15:21:30]     -> Channel 080 (Posterior Orbitofrontal) [94/138]
[2025-06-27 15:22:48]     -> Channel 102 (Planum Polare) [95/138]
[2025-06-27 15:24:07]     -> Channel 101 (Planum Polare) [96/138]
[2025-06-27 15:25:25]     -> Channel 100 (Planum Polare) [97/138]
[2025-06-27 15:26:43]     -> Channel 099 (Planum Polare) [98/138]
[2025-06-27 15:28:01]     -> Channel 098 (Sylvian Fissure) [99/138]
[2025-06-27 15:29:20]     -> Channel 097 (Ventral Insula) [100/138]
[2025-06-27 15:30:38]     -> Channel 096 (Ventral Insula) [101/138]
[2025-06-27 15:31:56]     -> Channel 095 (Ventral Insula) [102/138]
[2025-06-27 15:33:14]     -> Channel 120 (Out) [103/138]
[2025-06-27 15:34:32]     -> Channel 119 (Planum Temporale) [104/138]
[2025-06-27 15:35:50]     -> Channel 118 (Planum Temporale) [105/138]
[2025-06-27 15:37:08]     -> Channel 117 (Planum Temporale) [106/138]
[2025-06-27 15:38:26]     -> Channel 116 (Planum Temporale) [107/138]
[2025-06-27 15:39:45]     -> Channel 115 (Planum Temporale) [108/138]
[2025-06-27 15:41:03]     -> Channel 114 (Planum Temporale) [109/138]
[2025-06-27 15:42:21]     -> Channel 113 (Heschl's Gyrus) [110/138]
[2025-06-27 15:43:39]     -> Channel 112 (Heschl's Gyrus) [111/138]
[2025-06-27 15:44:57]     -> Channel 111 (Heschl's Gyrus) [112/138]
[2025-06-27 15:46:15]     -> Channel 110 (Heschl's Gyrus) [113/138]
[2025-06-27 15:47:33]     -> Channel 109 (Posterior Insula) [114/138]
[2025-06-27 15:48:51]     -> Channel 108 (WM) [115/138]
[2025-06-27 15:50:09]     -> Channel 107 (WM) [116/138]
[2025-06-27 15:51:27]     -> Channel 106 (Pulvinar) [117/138]
[2025-06-27 15:52:45]     -> Channel 105 (Pulvinar) [118/138]
[2025-06-27 15:54:03]     -> Channel 104 (Pulvinar) [119/138]
[2025-06-27 15:55:22]     -> Channel 103 (Pulvinar) [120/138]
[2025-06-27 15:56:40]     -> Channel 138 (WM) [121/138]
[2025-06-27 15:57:58]     -> Channel 137 (WM) [122/138]
[2025-06-27 15:59:16]     -> Channel 136 (WM) [123/138]
[2025-06-27 16:00:34]     -> Channel 135 (WM) [124/138]
[2025-06-27 16:01:52]     -> Channel 134 (WM) [125/138]
[2025-06-27 16:03:11]     -> Channel 133 (WM) [126/138]
[2025-06-27 16:04:29]     -> Channel 132 (WM) [127/138]
[2025-06-27 16:05:47]     -> Channel 131 (WM) [128/138]
[2025-06-27 16:07:05]     -> Channel 130 (WM) [129/138]
[2025-06-27 16:08:23]     -> Channel 129 (WM) [130/138]
[2025-06-27 16:09:42]     -> Channel 128 (WM) [131/138]
[2025-06-27 16:11:00]     -> Channel 127 (WM) [132/138]
[2025-06-27 16:12:18]     -> Channel 126 (WM) [133/138]
[2025-06-27 16:13:36]     -> Channel 125 (WM) [134/138]
[2025-06-27 16:14:54]     -> Channel 124 (WM) [135/138]
[2025-06-27 16:16:12]     -> Channel 123 (Posterior Cingulate) [136/138]
[2025-06-27 16:17:30]     -> Channel 122 (Posterior Cingulate) [137/138]
[2025-06-27 16:18:48]     -> Channel 121 (Posterior Cingulate) [138/138]
[2025-06-27 16:20:07]   Saved subject data to /home/alabwam1/Desktop/modulogram_V7/trial-run-3/EMU024_loss_mod30-120_session2_bw5_bins36/EMU024_session2_struct.mat
[2025-06-27 16:20:07] Saved combined data to /home/alabwam1/Desktop/modulogram_V7/trial-run-3/EMU024_loss_mod30-120_session2_bw5_bins36/allSubjects_session2_20250627_162007.mat
