[2025-06-26 17:35:47] ===== Modulogram Pipeline =====
[2025-06-26 17:35:47] Subjects: 4
[2025-06-26 17:35:47] Session : 1
[2025-06-26 17:35:47] Alignments: win, loss
[2025-06-26 17:35:47] 
=== [1/4] Subject EMU024 | Session 1 ===
[2025-06-26 17:35:47]   Loaded setup: 138 channels
[2025-06-26 17:35:47]   -> Alignment 1/2: win
[2025-06-26 17:35:47]     -> Channel 057 (Anterior Middle Temporal Gyrus) [1/138]
[2025-06-26 17:37:26]     -> Channel 056 (Anterior Middle Temporal Gyrus) [2/138]
[2025-06-26 17:38:53]     -> Channel 055 (Anterior Middle Temporal Gyrus) [3/138]
[2025-06-26 17:40:19]     -> Channel 054 (Anterior Middle Temporal Gyrus) [4/138]
[2025-06-26 17:41:46]     -> Channel 053 (Anterior Middle Temporal Gyrus) [5/138]
[2025-06-26 17:43:13]     -> Channel 052 (Anterior Middle Temporal Gyrus) [6/138]
[2025-06-26 17:44:40]     -> Channel 051 (Anterior Middle Temporal Gyrus) [7/138]
[2025-06-26 17:46:05]     -> Channel 050 (Insula) [8/138]
[2025-06-26 17:47:33]     -> Channel 049 (WM (Temporal Stem)*) [9/138]
[2025-06-26 17:49:01]     -> Channel 048 (WM (Temporal Stem)*) [10/138]
[2025-06-26 17:50:29]     -> Channel 047 (WM (Temporal Stem)*) [11/138]
[2025-06-26 17:51:57]     -> Channel 046 (Amygdala) [12/138]
[2025-06-26 17:53:24]     -> Channel 045 (Amygdala) [13/138]
[2025-06-26 17:54:52]     -> Channel 044 (Amygdala) [14/138]
[2025-06-26 17:56:20]     -> Channel 043 (Amygdala) [15/138]
[2025-06-26 17:57:48]     -> Channel 042 (Middle Temporal Gyrus) [16/138]
[2025-06-26 17:59:17]     -> Channel 041 (Middle Temporal Gyrus) [17/138]
[2025-06-26 18:00:44]     -> Channel 040 (Middle Temporal Gyrus) [18/138]
[2025-06-26 18:02:12]     -> Channel 039 (Middle Temporal Gyrus) [19/138]
[2025-06-26 18:03:41]     -> Channel 038 (Middle Temporal Gyrus) [20/138]
[2025-06-26 18:05:09]     -> Channel 037 (Middle Temporal Gyrus) [21/138]
[2025-06-26 18:06:37]     -> Channel 036 (Middle Temporal Gyrus) [22/138]
[2025-06-26 18:08:06]     -> Channel 035 (WM) [23/138]
[2025-06-26 18:09:33]     -> Channel 034 (WM) [24/138]
[2025-06-26 18:11:01]     -> Channel 033 (WM) [25/138]
[2025-06-26 18:12:29]     -> Channel 032 (Hippocampus Head) [26/138]
[2025-06-26 18:13:57]     -> Channel 031 (Hippocampus Head) [27/138]
[2025-06-26 18:15:24]     -> Channel 030 (Hippocampus Head) [28/138]
[2025-06-26 18:16:52]     -> Channel 029 (Hippocampus Head) [29/138]
[2025-06-26 18:18:20]     -> Channel 028 (Hippocampus Head) [30/138]
[2025-06-26 18:19:47]     -> Channel 027 (Posterior Superior Temporal Sulcus) [31/138]
[2025-06-26 18:21:15]     -> Channel 026 (Posterior Superior Temporal Sulcus) [32/138]
[2025-06-26 18:22:43]     -> Channel 025 (Posterior Superior Temporal Sulcus) [33/138]
[2025-06-26 18:24:11]     -> Channel 024 (Posterior Superior Temporal Sulcus) [34/138]
[2025-06-26 18:25:39]     -> Channel 023 (Posterior Superior Temporal Sulcus) [35/138]
[2025-06-26 18:27:06]     -> Channel 022 (Posterior Superior Temporal Sulcus) [36/138]
[2025-06-26 18:28:34]     -> Channel 021 (WM) [37/138]
[2025-06-26 18:30:03]     -> Channel 020 (WM) [38/138]
[2025-06-26 18:31:30]     -> Channel 019 (WM) [39/138]
[2025-06-26 18:32:59]     -> Channel 018 (Hippocampus Tail) [40/138]
[2025-06-26 18:34:26]     -> Channel 017 (Hippocampus Tail) [41/138]
[2025-06-26 18:35:53]     -> Channel 016 (Posterior Parahippocampal) [42/138]
[2025-06-26 18:37:21]     -> Channel 015 (Posterior Parahippocampal) [43/138]
[2025-06-26 18:38:49]     -> Channel 014 (Posterior Parahippocampal) [44/138]
[2025-06-26 18:40:17]     -> Channel 013 (Posterior Parahippocampal) [45/138]
[2025-06-26 18:41:45]     -> Channel 069 (Inferior Temporal Sulcus) [46/138]
[2025-06-26 18:43:13]     -> Channel 068 (Inferior Temporal Sulcus) [47/138]
[2025-06-26 18:44:41]     -> Channel 067 (Inferior Temporal Sulcus) [48/138]
[2025-06-26 18:46:09]     -> Channel 066 (Fusiform Gyrus) [49/138]
[2025-06-26 18:47:37]     -> Channel 065 (Fusiform Gyrus) [50/138]
[2025-06-26 18:49:05]     -> Channel 064 (Fusiform Gyrus) [51/138]
[2025-06-26 18:50:33]     -> Channel 063 (Collateral Sulcus) [52/138]
[2025-06-26 18:52:00]     -> Channel 062 (Collateral Sulcus) [53/138]
[2025-06-26 18:53:29]     -> Channel 061 (Collateral Sulcus) [54/138]
[2025-06-26 18:54:56]     -> Channel 060 (Entorhinal Cortex) [55/138]
[2025-06-26 18:56:24]     -> Channel 059 (Entorhinal Cortex) [56/138]
[2025-06-26 18:57:53]     -> Channel 058 (Entorhinal Cortex) [57/138]
[2025-06-26 18:59:21]     -> Channel 012 (Basal Inferior Temporal Gyrus) [58/138]
[2025-06-26 19:00:49]     -> Channel 011 (Basal Inferior Temporal Gyrus) [59/138]
[2025-06-26 19:02:17]     -> Channel 010 (Basal Inferior Temporal Gyrus) [60/138]
[2025-06-26 19:03:45]     -> Channel 009 (Basal Inferior Temporal Gyrus) [61/138]
[2025-06-26 19:05:13]     -> Channel 008 (Basal Inferior Temporal Gyrus) [62/138]
[2025-06-26 19:06:41]     -> Channel 007 (Basal Inferior Temporal Gyrus) [63/138]
[2025-06-26 19:08:09]     -> Channel 006 (Temporal Occipital Sulcus*) [64/138]
[2025-06-26 19:09:36]     -> Channel 005 (Fusiform Gyrus) [65/138]
[2025-06-26 19:11:04]     -> Channel 004 (Fusiform Gyrus) [66/138]
[2025-06-26 19:12:32]     -> Channel 003 (Fusiform Gyrus) [67/138]
[2025-06-26 19:14:00]     -> Channel 002 (Parahippocampal) [68/138]
[2025-06-26 19:15:28]     -> Channel 001 (Parahippocampal) [69/138]
[2025-06-26 19:16:56]     -> Channel 079 (Out) [70/138]
[2025-06-26 19:18:24]     -> Channel 078 (Out) [71/138]
[2025-06-26 19:19:52]     -> Channel 077 (Middle Temporal Gyrus) [72/138]
[2025-06-26 19:21:20]     -> Channel 076 (Middle Temporal Gyrus) [73/138]
[2025-06-26 19:22:48]     -> Channel 075 (Temporal Pole*) [74/138]
[2025-06-26 19:24:15]     -> Channel 074 (Temporal Pole*) [75/138]
[2025-06-26 19:25:43]     -> Channel 073 (Temporal Pole*) [76/138]
[2025-06-26 19:27:12]     -> Channel 072 (Temporal Pole*) [77/138]
[2025-06-26 19:28:39]     -> Channel 071 (Temporal Pole*) [78/138]
[2025-06-26 19:30:07]     -> Channel 070 (Temporal Pole*) [79/138]
[2025-06-26 19:31:35]     -> Channel 094 (Planum Polare) [80/138]
[2025-06-26 19:33:03]     -> Channel 093 (Planum Polare) [81/138]
[2025-06-26 19:34:31]     -> Channel 092 (Planum Polare) [82/138]
[2025-06-26 19:35:58]     -> Channel 091 (Planum Polare) [83/138]
[2025-06-26 19:37:27]     -> Channel 090 (Sylvian Fissure) [84/138]
[2025-06-26 19:38:55]     -> Channel 089 (Ventral Insula) [85/138]
[2025-06-26 19:40:23]     -> Channel 088 (Ventral Insula) [86/138]
[2025-06-26 19:41:50]     -> Channel 087 (Ventral Insula) [87/138]
[2025-06-26 19:43:17]     -> Channel 086 (Posterior Orbitofrontal) [88/138]
[2025-06-26 19:44:45]     -> Channel 085 (Posterior Orbitofrontal) [89/138]
[2025-06-26 19:46:13]     -> Channel 084 (Posterior Orbitofrontal) [90/138]
[2025-06-26 19:47:41]     -> Channel 083 (Posterior Orbitofrontal) [91/138]
[2025-06-26 19:49:09]     -> Channel 082 (Posterior Orbitofrontal) [92/138]
[2025-06-26 19:50:36]     -> Channel 081 (Posterior Orbitofrontal) [93/138]
[2025-06-26 19:52:03]     -> Channel 080 (Posterior Orbitofrontal) [94/138]
[2025-06-26 19:53:30]     -> Channel 102 (Planum Polare) [95/138]
[2025-06-26 19:54:58]     -> Channel 101 (Planum Polare) [96/138]
[2025-06-26 19:56:26]     -> Channel 100 (Planum Polare) [97/138]
[2025-06-26 19:57:54]     -> Channel 099 (Planum Polare) [98/138]
[2025-06-26 19:59:21]     -> Channel 098 (Sylvian Fissure) [99/138]
[2025-06-26 20:00:49]     -> Channel 097 (Ventral Insula) [100/138]
[2025-06-26 20:02:18]     -> Channel 096 (Ventral Insula) [101/138]
[2025-06-26 20:03:45]     -> Channel 095 (Ventral Insula) [102/138]
[2025-06-26 20:05:13]     -> Channel 120 (Out) [103/138]
[2025-06-26 20:06:41]     -> Channel 119 (Planum Temporale) [104/138]
[2025-06-26 20:08:09]     -> Channel 118 (Planum Temporale) [105/138]
[2025-06-26 20:09:36]     -> Channel 117 (Planum Temporale) [106/138]
[2025-06-26 20:11:04]     -> Channel 116 (Planum Temporale) [107/138]
[2025-06-26 20:12:31]     -> Channel 115 (Planum Temporale) [108/138]
[2025-06-26 20:13:59]     -> Channel 114 (Planum Temporale) [109/138]
[2025-06-26 20:15:27]     -> Channel 113 (Heschl's Gyrus) [110/138]
[2025-06-26 20:16:55]     -> Channel 112 (Heschl's Gyrus) [111/138]
[2025-06-26 20:18:23]     -> Channel 111 (Heschl's Gyrus) [112/138]
[2025-06-26 20:19:51]     -> Channel 110 (Heschl's Gyrus) [113/138]
[2025-06-26 20:21:19]     -> Channel 109 (Posterior Insula) [114/138]
[2025-06-26 20:22:47]     -> Channel 108 (WM) [115/138]
[2025-06-26 20:24:15]     -> Channel 107 (WM) [116/138]
[2025-06-26 20:25:42]     -> Channel 106 (Pulvinar) [117/138]
[2025-06-26 20:27:09]     -> Channel 105 (Pulvinar) [118/138]
[2025-06-26 20:28:38]     -> Channel 104 (Pulvinar) [119/138]
[2025-06-26 20:30:06]     -> Channel 103 (Pulvinar) [120/138]
[2025-06-26 20:31:34]     -> Channel 138 (WM) [121/138]
[2025-06-26 20:33:02]     -> Channel 137 (WM) [122/138]
[2025-06-26 20:34:29]     -> Channel 136 (WM) [123/138]
[2025-06-26 20:35:58]     -> Channel 135 (WM) [124/138]
[2025-06-26 20:37:26]     -> Channel 134 (WM) [125/138]
[2025-06-26 20:38:54]     -> Channel 133 (WM) [126/138]
[2025-06-26 20:40:22]     -> Channel 132 (WM) [127/138]
[2025-06-26 20:41:50]     -> Channel 131 (WM) [128/138]
[2025-06-26 20:43:19]     -> Channel 130 (WM) [129/138]
[2025-06-26 20:44:47]     -> Channel 129 (WM) [130/138]
[2025-06-26 20:46:15]     -> Channel 128 (WM) [131/138]
[2025-06-26 20:47:42]     -> Channel 127 (WM) [132/138]
[2025-06-26 20:49:08]     -> Channel 126 (WM) [133/138]
[2025-06-26 20:50:35]     -> Channel 125 (WM) [134/138]
[2025-06-26 20:52:01]     -> Channel 124 (WM) [135/138]
