[2025-06-27 05:50:12] ===== Modulogram Pipeline =====
[2025-06-27 05:50:12] Subjects: 1
[2025-06-27 05:50:12] Session : 2
[2025-06-27 05:50:12] Alignments: win
[2025-06-27 05:50:12] 
=== [1/1] Subject EMU024 | Session 2 ===
[2025-06-27 05:50:12]   Loaded setup: 138 channels
[2025-06-27 05:50:12]   -> Alignment 1/1: win
[2025-06-27 05:50:12]     -> Channel 057 (Anterior Middle Temporal Gyrus) [1/138]
[2025-06-27 05:51:07]     -> Channel 056 (Anterior Middle Temporal Gyrus) [2/138]
[2025-06-27 05:52:02]     -> Channel 055 (Anterior Middle Temporal Gyrus) [3/138]
[2025-06-27 05:52:57]     -> Channel 054 (Anterior Middle Temporal Gyrus) [4/138]
[2025-06-27 05:53:52]     -> Channel 053 (Anterior Middle Temporal Gyrus) [5/138]
[2025-06-27 05:54:47]     -> Channel 052 (Anterior Middle Temporal Gyrus) [6/138]
[2025-06-27 05:55:42]     -> Channel 051 (Anterior Middle Temporal Gyrus) [7/138]
[2025-06-27 05:56:37]     -> Channel 050 (Insula) [8/138]
[2025-06-27 05:57:32]     -> Channel 049 (WM (Temporal Stem)*) [9/138]
[2025-06-27 05:58:26]     -> Channel 048 (WM (Temporal Stem)*) [10/138]
[2025-06-27 05:59:21]     -> Channel 047 (WM (Temporal Stem)*) [11/138]
[2025-06-27 06:00:16]     -> Channel 046 (Amygdala) [12/138]
[2025-06-27 06:01:11]     -> Channel 045 (Amygdala) [13/138]
[2025-06-27 06:02:06]     -> Channel 044 (Amygdala) [14/138]
[2025-06-27 06:03:01]     -> Channel 043 (Amygdala) [15/138]
[2025-06-27 06:03:56]     -> Channel 042 (Middle Temporal Gyrus) [16/138]
[2025-06-27 06:04:51]     -> Channel 041 (Middle Temporal Gyrus) [17/138]
[2025-06-27 06:05:46]     -> Channel 040 (Middle Temporal Gyrus) [18/138]
[2025-06-27 06:06:41]     -> Channel 039 (Middle Temporal Gyrus) [19/138]
[2025-06-27 06:07:36]     -> Channel 038 (Middle Temporal Gyrus) [20/138]
[2025-06-27 06:08:31]     -> Channel 037 (Middle Temporal Gyrus) [21/138]
[2025-06-27 06:09:26]     -> Channel 036 (Middle Temporal Gyrus) [22/138]
[2025-06-27 06:10:21]     -> Channel 035 (WM) [23/138]
[2025-06-27 06:11:15]     -> Channel 034 (WM) [24/138]
[2025-06-27 06:12:10]     -> Channel 033 (WM) [25/138]
[2025-06-27 06:13:05]     -> Channel 032 (Hippocampus Head) [26/138]
[2025-06-27 06:14:00]     -> Channel 031 (Hippocampus Head) [27/138]
[2025-06-27 06:14:55]     -> Channel 030 (Hippocampus Head) [28/138]
[2025-06-27 06:15:50]     -> Channel 029 (Hippocampus Head) [29/138]
[2025-06-27 06:16:45]     -> Channel 028 (Hippocampus Head) [30/138]
[2025-06-27 06:17:40]     -> Channel 027 (Posterior Superior Temporal Sulcus) [31/138]
[2025-06-27 06:18:35]     -> Channel 026 (Posterior Superior Temporal Sulcus) [32/138]
[2025-06-27 06:19:30]     -> Channel 025 (Posterior Superior Temporal Sulcus) [33/138]
[2025-06-27 06:20:25]     -> Channel 024 (Posterior Superior Temporal Sulcus) [34/138]
[2025-06-27 06:21:20]     -> Channel 023 (Posterior Superior Temporal Sulcus) [35/138]
[2025-06-27 06:22:15]     -> Channel 022 (Posterior Superior Temporal Sulcus) [36/138]
[2025-06-27 06:23:10]     -> Channel 021 (WM) [37/138]
[2025-06-27 06:24:05]     -> Channel 020 (WM) [38/138]
[2025-06-27 06:24:59]     -> Channel 019 (WM) [39/138]
[2025-06-27 06:25:54]     -> Channel 018 (Hippocampus Tail) [40/138]
[2025-06-27 06:26:49]     -> Channel 017 (Hippocampus Tail) [41/138]
[2025-06-27 06:27:44]     -> Channel 016 (Posterior Parahippocampal) [42/138]
[2025-06-27 06:28:39]     -> Channel 015 (Posterior Parahippocampal) [43/138]
[2025-06-27 06:29:34]     -> Channel 014 (Posterior Parahippocampal) [44/138]
[2025-06-27 06:30:29]     -> Channel 013 (Posterior Parahippocampal) [45/138]
[2025-06-27 06:31:24]     -> Channel 069 (Inferior Temporal Sulcus) [46/138]
[2025-06-27 06:32:19]     -> Channel 068 (Inferior Temporal Sulcus) [47/138]
[2025-06-27 06:33:14]     -> Channel 067 (Inferior Temporal Sulcus) [48/138]
[2025-06-27 06:34:09]     -> Channel 066 (Fusiform Gyrus) [49/138]
[2025-06-27 06:35:04]     -> Channel 065 (Fusiform Gyrus) [50/138]
[2025-06-27 06:35:59]     -> Channel 064 (Fusiform Gyrus) [51/138]
[2025-06-27 06:36:54]     -> Channel 063 (Collateral Sulcus) [52/138]
[2025-06-27 06:37:49]     -> Channel 062 (Collateral Sulcus) [53/138]
[2025-06-27 06:38:43]     -> Channel 061 (Collateral Sulcus) [54/138]
[2025-06-27 06:39:38]     -> Channel 060 (Entorhinal Cortex) [55/138]
[2025-06-27 06:40:33]     -> Channel 059 (Entorhinal Cortex) [56/138]
[2025-06-27 06:41:28]     -> Channel 058 (Entorhinal Cortex) [57/138]
[2025-06-27 06:42:23]     -> Channel 012 (Basal Inferior Temporal Gyrus) [58/138]
[2025-06-27 06:43:18]     -> Channel 011 (Basal Inferior Temporal Gyrus) [59/138]
[2025-06-27 06:44:13]     -> Channel 010 (Basal Inferior Temporal Gyrus) [60/138]
[2025-06-27 06:45:08]     -> Channel 009 (Basal Inferior Temporal Gyrus) [61/138]
[2025-06-27 06:46:02]     -> Channel 008 (Basal Inferior Temporal Gyrus) [62/138]
[2025-06-27 06:46:57]     -> Channel 007 (Basal Inferior Temporal Gyrus) [63/138]
[2025-06-27 06:47:52]     -> Channel 006 (Temporal Occipital Sulcus*) [64/138]
[2025-06-27 06:48:47]     -> Channel 005 (Fusiform Gyrus) [65/138]
[2025-06-27 06:49:43]     -> Channel 004 (Fusiform Gyrus) [66/138]
[2025-06-27 06:50:37]     -> Channel 003 (Fusiform Gyrus) [67/138]
[2025-06-27 06:51:32]     -> Channel 002 (Parahippocampal) [68/138]
[2025-06-27 06:52:27]     -> Channel 001 (Parahippocampal) [69/138]
[2025-06-27 06:53:22]     -> Channel 079 (Out) [70/138]
[2025-06-27 06:54:17]     -> Channel 078 (Out) [71/138]
[2025-06-27 06:55:13]     -> Channel 077 (Middle Temporal Gyrus) [72/138]
[2025-06-27 06:56:10]     -> Channel 076 (Middle Temporal Gyrus) [73/138]
[2025-06-27 06:57:05]     -> Channel 075 (Temporal Pole*) [74/138]
[2025-06-27 06:58:00]     -> Channel 074 (Temporal Pole*) [75/138]
[2025-06-27 06:58:54]     -> Channel 073 (Temporal Pole*) [76/138]
[2025-06-27 06:59:49]     -> Channel 072 (Temporal Pole*) [77/138]
[2025-06-27 07:00:44]     -> Channel 071 (Temporal Pole*) [78/138]
[2025-06-27 07:01:39]     -> Channel 070 (Temporal Pole*) [79/138]
[2025-06-27 07:02:34]     -> Channel 094 (Planum Polare) [80/138]
[2025-06-27 07:03:29]     -> Channel 093 (Planum Polare) [81/138]
[2025-06-27 07:04:24]     -> Channel 092 (Planum Polare) [82/138]
[2025-06-27 07:05:19]     -> Channel 091 (Planum Polare) [83/138]
[2025-06-27 07:06:14]     -> Channel 090 (Sylvian Fissure) [84/138]
[2025-06-27 07:07:09]     -> Channel 089 (Ventral Insula) [85/138]
[2025-06-27 07:08:04]     -> Channel 088 (Ventral Insula) [86/138]
[2025-06-27 07:08:59]     -> Channel 087 (Ventral Insula) [87/138]
[2025-06-27 07:09:54]     -> Channel 086 (Posterior Orbitofrontal) [88/138]
[2025-06-27 07:10:49]     -> Channel 085 (Posterior Orbitofrontal) [89/138]
[2025-06-27 07:11:43]     -> Channel 084 (Posterior Orbitofrontal) [90/138]
[2025-06-27 07:12:38]     -> Channel 083 (Posterior Orbitofrontal) [91/138]
[2025-06-27 07:13:33]     -> Channel 082 (Posterior Orbitofrontal) [92/138]
[2025-06-27 07:14:28]     -> Channel 081 (Posterior Orbitofrontal) [93/138]
[2025-06-27 07:15:23]     -> Channel 080 (Posterior Orbitofrontal) [94/138]
[2025-06-27 07:16:18]     -> Channel 102 (Planum Polare) [95/138]
[2025-06-27 07:17:13]     -> Channel 101 (Planum Polare) [96/138]
[2025-06-27 07:18:08]     -> Channel 100 (Planum Polare) [97/138]
[2025-06-27 07:19:03]     -> Channel 099 (Planum Polare) [98/138]
[2025-06-27 07:19:58]     -> Channel 098 (Sylvian Fissure) [99/138]
[2025-06-27 07:20:53]     -> Channel 097 (Ventral Insula) [100/138]
[2025-06-27 07:21:48]     -> Channel 096 (Ventral Insula) [101/138]
[2025-06-27 07:22:43]     -> Channel 095 (Ventral Insula) [102/138]
[2025-06-27 07:23:38]     -> Channel 120 (Out) [103/138]
[2025-06-27 07:24:32]     -> Channel 119 (Planum Temporale) [104/138]
[2025-06-27 07:25:27]     -> Channel 118 (Planum Temporale) [105/138]
[2025-06-27 07:26:22]     -> Channel 117 (Planum Temporale) [106/138]
[2025-06-27 07:27:17]     -> Channel 116 (Planum Temporale) [107/138]
[2025-06-27 07:28:12]     -> Channel 115 (Planum Temporale) [108/138]
[2025-06-27 07:29:07]     -> Channel 114 (Planum Temporale) [109/138]
[2025-06-27 07:30:02]     -> Channel 113 (Heschl's Gyrus) [110/138]
[2025-06-27 07:30:57]     -> Channel 112 (Heschl's Gyrus) [111/138]
[2025-06-27 07:31:52]     -> Channel 111 (Heschl's Gyrus) [112/138]
[2025-06-27 07:32:46]     -> Channel 110 (Heschl's Gyrus) [113/138]
[2025-06-27 07:33:41]     -> Channel 109 (Posterior Insula) [114/138]
[2025-06-27 07:34:37]     -> Channel 108 (WM) [115/138]
[2025-06-27 07:35:32]     -> Channel 107 (WM) [116/138]
[2025-06-27 07:36:27]     -> Channel 106 (Pulvinar) [117/138]
[2025-06-27 07:37:22]     -> Channel 105 (Pulvinar) [118/138]
[2025-06-27 07:38:16]     -> Channel 104 (Pulvinar) [119/138]
[2025-06-27 07:39:11]     -> Channel 103 (Pulvinar) [120/138]
[2025-06-27 07:40:06]     -> Channel 138 (WM) [121/138]
[2025-06-27 07:41:01]     -> Channel 137 (WM) [122/138]
[2025-06-27 07:41:56]     -> Channel 136 (WM) [123/138]
[2025-06-27 07:42:51]     -> Channel 135 (WM) [124/138]
[2025-06-27 07:43:46]     -> Channel 134 (WM) [125/138]
[2025-06-27 07:44:41]     -> Channel 133 (WM) [126/138]
[2025-06-27 07:45:36]     -> Channel 132 (WM) [127/138]
[2025-06-27 07:46:31]     -> Channel 131 (WM) [128/138]
[2025-06-27 07:47:26]     -> Channel 130 (WM) [129/138]
[2025-06-27 07:48:21]     -> Channel 129 (WM) [130/138]
[2025-06-27 07:49:16]     -> Channel 128 (WM) [131/138]
[2025-06-27 07:50:11]     -> Channel 127 (WM) [132/138]
[2025-06-27 07:51:06]     -> Channel 126 (WM) [133/138]
[2025-06-27 07:52:01]     -> Channel 125 (WM) [134/138]
[2025-06-27 07:52:56]     -> Channel 124 (WM) [135/138]
[2025-06-27 07:53:51]     -> Channel 123 (Posterior Cingulate) [136/138]
[2025-06-27 07:54:46]     -> Channel 122 (Posterior Cingulate) [137/138]
[2025-06-27 07:55:41]     -> Channel 121 (Posterior Cingulate) [138/138]
[2025-06-27 07:56:36]   Saved subject data to /home/alabwam1/Desktop/modulogram_V7/trial-run-3/EMU024_win_mod20-80_session2_bw5_bins36/EMU024_session2_struct.mat
[2025-06-27 07:56:37] Saved combined data to /home/alabwam1/Desktop/modulogram_V7/trial-run-3/EMU024_win_mod20-80_session2_bw5_bins36/allSubjects_session2_20250627_075636.mat
