[2025-06-27 16:20:07] ===== Modulogram Pipeline =====
[2025-06-27 16:20:07] Subjects: 1
[2025-06-27 16:20:07] Session : 3
[2025-06-27 16:20:07] Alignments: loss
[2025-06-27 16:20:07] 
=== [1/1] Subject EMU024 | Session 3 ===
[2025-06-27 16:20:07]   Loaded setup: 138 channels
[2025-06-27 16:20:07]   -> Alignment 1/1: loss
[2025-06-27 16:20:07]     -> Channel 057 (Anterior Middle Temporal Gyrus) [1/138]
[2025-06-27 16:21:00]     -> Channel 056 (Anterior Middle Temporal Gyrus) [2/138]
[2025-06-27 16:21:52]     -> Channel 055 (Anterior Middle Temporal Gyrus) [3/138]
[2025-06-27 16:22:45]     -> Channel 054 (Anterior Middle Temporal Gyrus) [4/138]
[2025-06-27 16:23:38]     -> Channel 053 (Anterior Middle Temporal Gyrus) [5/138]
[2025-06-27 16:24:30]     -> Channel 052 (Anterior Middle Temporal Gyrus) [6/138]
[2025-06-27 16:25:23]     -> Channel 051 (Anterior Middle Temporal Gyrus) [7/138]
[2025-06-27 16:26:15]     -> Channel 050 (Insula) [8/138]
[2025-06-27 16:27:08]     -> Channel 049 (WM (Temporal Stem)*) [9/138]
[2025-06-27 16:28:00]     -> Channel 048 (WM (Temporal Stem)*) [10/138]
[2025-06-27 16:28:53]     -> Channel 047 (WM (Temporal Stem)*) [11/138]
[2025-06-27 16:29:46]     -> Channel 046 (Amygdala) [12/138]
[2025-06-27 16:30:38]     -> Channel 045 (Amygdala) [13/138]
[2025-06-27 16:31:31]     -> Channel 044 (Amygdala) [14/138]
[2025-06-27 16:32:24]     -> Channel 043 (Amygdala) [15/138]
[2025-06-27 16:33:16]     -> Channel 042 (Middle Temporal Gyrus) [16/138]
[2025-06-27 16:34:09]     -> Channel 041 (Middle Temporal Gyrus) [17/138]
[2025-06-27 16:35:01]     -> Channel 040 (Middle Temporal Gyrus) [18/138]
[2025-06-27 16:35:54]     -> Channel 039 (Middle Temporal Gyrus) [19/138]
[2025-06-27 16:36:47]     -> Channel 038 (Middle Temporal Gyrus) [20/138]
[2025-06-27 16:37:39]     -> Channel 037 (Middle Temporal Gyrus) [21/138]
[2025-06-27 16:38:32]     -> Channel 036 (Middle Temporal Gyrus) [22/138]
[2025-06-27 16:39:24]     -> Channel 035 (WM) [23/138]
[2025-06-27 16:40:18]     -> Channel 034 (WM) [24/138]
[2025-06-27 16:41:10]     -> Channel 033 (WM) [25/138]
[2025-06-27 16:42:03]     -> Channel 032 (Hippocampus Head) [26/138]
[2025-06-27 16:42:55]     -> Channel 031 (Hippocampus Head) [27/138]
[2025-06-27 16:43:48]     -> Channel 030 (Hippocampus Head) [28/138]
[2025-06-27 16:44:40]     -> Channel 029 (Hippocampus Head) [29/138]
[2025-06-27 16:45:33]     -> Channel 028 (Hippocampus Head) [30/138]
[2025-06-27 16:46:26]     -> Channel 027 (Posterior Superior Temporal Sulcus) [31/138]
[2025-06-27 16:47:18]     -> Channel 026 (Posterior Superior Temporal Sulcus) [32/138]
[2025-06-27 16:48:11]     -> Channel 025 (Posterior Superior Temporal Sulcus) [33/138]
[2025-06-27 16:49:03]     -> Channel 024 (Posterior Superior Temporal Sulcus) [34/138]
[2025-06-27 16:49:56]     -> Channel 023 (Posterior Superior Temporal Sulcus) [35/138]
[2025-06-27 16:50:48]     -> Channel 022 (Posterior Superior Temporal Sulcus) [36/138]
[2025-06-27 16:51:41]     -> Channel 021 (WM) [37/138]
[2025-06-27 16:52:33]     -> Channel 020 (WM) [38/138]
[2025-06-27 16:53:26]     -> Channel 019 (WM) [39/138]
[2025-06-27 16:54:19]     -> Channel 018 (Hippocampus Tail) [40/138]
[2025-06-27 16:55:11]     -> Channel 017 (Hippocampus Tail) [41/138]
[2025-06-27 16:56:04]     -> Channel 016 (Posterior Parahippocampal) [42/138]
[2025-06-27 16:56:57]     -> Channel 015 (Posterior Parahippocampal) [43/138]
[2025-06-27 16:57:49]     -> Channel 014 (Posterior Parahippocampal) [44/138]
[2025-06-27 16:58:42]     -> Channel 013 (Posterior Parahippocampal) [45/138]
[2025-06-27 16:59:34]     -> Channel 069 (Inferior Temporal Sulcus) [46/138]
[2025-06-27 17:00:26]     -> Channel 068 (Inferior Temporal Sulcus) [47/138]
[2025-06-27 17:01:19]     -> Channel 067 (Inferior Temporal Sulcus) [48/138]
[2025-06-27 17:02:12]     -> Channel 066 (Fusiform Gyrus) [49/138]
[2025-06-27 17:03:04]     -> Channel 065 (Fusiform Gyrus) [50/138]
[2025-06-27 17:03:57]     -> Channel 064 (Fusiform Gyrus) [51/138]
[2025-06-27 17:04:49]     -> Channel 063 (Collateral Sulcus) [52/138]
[2025-06-27 17:05:41]     -> Channel 062 (Collateral Sulcus) [53/138]
[2025-06-27 17:06:34]     -> Channel 061 (Collateral Sulcus) [54/138]
[2025-06-27 17:07:26]     -> Channel 060 (Entorhinal Cortex) [55/138]
[2025-06-27 17:08:19]     -> Channel 059 (Entorhinal Cortex) [56/138]
[2025-06-27 17:09:11]     -> Channel 058 (Entorhinal Cortex) [57/138]
[2025-06-27 17:10:04]     -> Channel 012 (Basal Inferior Temporal Gyrus) [58/138]
[2025-06-27 17:10:57]     -> Channel 011 (Basal Inferior Temporal Gyrus) [59/138]
[2025-06-27 17:11:49]     -> Channel 010 (Basal Inferior Temporal Gyrus) [60/138]
[2025-06-27 17:12:42]     -> Channel 009 (Basal Inferior Temporal Gyrus) [61/138]
[2025-06-27 17:13:34]     -> Channel 008 (Basal Inferior Temporal Gyrus) [62/138]
[2025-06-27 17:14:27]     -> Channel 007 (Basal Inferior Temporal Gyrus) [63/138]
[2025-06-27 17:15:19]     -> Channel 006 (Temporal Occipital Sulcus*) [64/138]
[2025-06-27 17:16:12]     -> Channel 005 (Fusiform Gyrus) [65/138]
[2025-06-27 17:17:04]     -> Channel 004 (Fusiform Gyrus) [66/138]
[2025-06-27 17:17:57]     -> Channel 003 (Fusiform Gyrus) [67/138]
[2025-06-27 17:18:49]     -> Channel 002 (Parahippocampal) [68/138]
[2025-06-27 17:19:41]     -> Channel 001 (Parahippocampal) [69/138]
[2025-06-27 17:20:34]     -> Channel 079 (Out) [70/138]
[2025-06-27 17:21:26]     -> Channel 078 (Out) [71/138]
[2025-06-27 17:22:19]     -> Channel 077 (Middle Temporal Gyrus) [72/138]
[2025-06-27 17:23:11]     -> Channel 076 (Middle Temporal Gyrus) [73/138]
[2025-06-27 17:24:04]     -> Channel 075 (Temporal Pole*) [74/138]
[2025-06-27 17:24:56]     -> Channel 074 (Temporal Pole*) [75/138]
[2025-06-27 17:25:49]     -> Channel 073 (Temporal Pole*) [76/138]
[2025-06-27 17:26:42]     -> Channel 072 (Temporal Pole*) [77/138]
[2025-06-27 17:27:34]     -> Channel 071 (Temporal Pole*) [78/138]
[2025-06-27 17:28:27]     -> Channel 070 (Temporal Pole*) [79/138]
[2025-06-27 17:29:19]     -> Channel 094 (Planum Polare) [80/138]
[2025-06-27 17:30:12]     -> Channel 093 (Planum Polare) [81/138]
[2025-06-27 17:31:04]     -> Channel 092 (Planum Polare) [82/138]
[2025-06-27 17:31:57]     -> Channel 091 (Planum Polare) [83/138]
[2025-06-27 17:32:49]     -> Channel 090 (Sylvian Fissure) [84/138]
[2025-06-27 17:33:41]     -> Channel 089 (Ventral Insula) [85/138]
[2025-06-27 17:34:34]     -> Channel 088 (Ventral Insula) [86/138]
[2025-06-27 17:35:26]     -> Channel 087 (Ventral Insula) [87/138]
[2025-06-27 17:36:19]     -> Channel 086 (Posterior Orbitofrontal) [88/138]
[2025-06-27 17:37:11]     -> Channel 085 (Posterior Orbitofrontal) [89/138]
[2025-06-27 17:38:04]     -> Channel 084 (Posterior Orbitofrontal) [90/138]
[2025-06-27 17:38:56]     -> Channel 083 (Posterior Orbitofrontal) [91/138]
[2025-06-27 17:39:49]     -> Channel 082 (Posterior Orbitofrontal) [92/138]
[2025-06-27 17:40:41]     -> Channel 081 (Posterior Orbitofrontal) [93/138]
[2025-06-27 17:41:34]     -> Channel 080 (Posterior Orbitofrontal) [94/138]
[2025-06-27 17:42:26]     -> Channel 102 (Planum Polare) [95/138]
[2025-06-27 17:43:19]     -> Channel 101 (Planum Polare) [96/138]
[2025-06-27 17:44:11]     -> Channel 100 (Planum Polare) [97/138]
[2025-06-27 17:45:04]     -> Channel 099 (Planum Polare) [98/138]
[2025-06-27 17:45:56]     -> Channel 098 (Sylvian Fissure) [99/138]
[2025-06-27 17:46:49]     -> Channel 097 (Ventral Insula) [100/138]
[2025-06-27 17:47:41]     -> Channel 096 (Ventral Insula) [101/138]
[2025-06-27 17:48:34]     -> Channel 095 (Ventral Insula) [102/138]
[2025-06-27 17:49:26]     -> Channel 120 (Out) [103/138]
[2025-06-27 17:50:19]     -> Channel 119 (Planum Temporale) [104/138]
[2025-06-27 17:51:11]     -> Channel 118 (Planum Temporale) [105/138]
[2025-06-27 17:52:03]     -> Channel 117 (Planum Temporale) [106/138]
[2025-06-27 17:52:56]     -> Channel 116 (Planum Temporale) [107/138]
[2025-06-27 17:53:48]     -> Channel 115 (Planum Temporale) [108/138]
[2025-06-27 17:54:41]     -> Channel 114 (Planum Temporale) [109/138]
[2025-06-27 17:55:34]     -> Channel 113 (Heschl's Gyrus) [110/138]
[2025-06-27 17:56:26]     -> Channel 112 (Heschl's Gyrus) [111/138]
[2025-06-27 17:57:19]     -> Channel 111 (Heschl's Gyrus) [112/138]
[2025-06-27 17:58:11]     -> Channel 110 (Heschl's Gyrus) [113/138]
[2025-06-27 17:59:04]     -> Channel 109 (Posterior Insula) [114/138]
[2025-06-27 17:59:56]     -> Channel 108 (WM) [115/138]
[2025-06-27 18:00:48]     -> Channel 107 (WM) [116/138]
[2025-06-27 18:01:41]     -> Channel 106 (Pulvinar) [117/138]
[2025-06-27 18:02:33]     -> Channel 105 (Pulvinar) [118/138]
[2025-06-27 18:03:26]     -> Channel 104 (Pulvinar) [119/138]
[2025-06-27 18:04:18]     -> Channel 103 (Pulvinar) [120/138]
[2025-06-27 18:05:11]     -> Channel 138 (WM) [121/138]
[2025-06-27 18:06:03]     -> Channel 137 (WM) [122/138]
[2025-06-27 18:06:56]     -> Channel 136 (WM) [123/138]
[2025-06-27 18:07:48]     -> Channel 135 (WM) [124/138]
[2025-06-27 18:08:41]     -> Channel 134 (WM) [125/138]
[2025-06-27 18:09:33]     -> Channel 133 (WM) [126/138]
[2025-06-27 18:10:26]     -> Channel 132 (WM) [127/138]
[2025-06-27 18:11:19]     -> Channel 131 (WM) [128/138]
[2025-06-27 18:12:11]     -> Channel 130 (WM) [129/138]
[2025-06-27 18:13:04]     -> Channel 129 (WM) [130/138]
[2025-06-27 18:13:56]     -> Channel 128 (WM) [131/138]
[2025-06-27 18:14:49]     -> Channel 127 (WM) [132/138]
[2025-06-27 18:15:42]     -> Channel 126 (WM) [133/138]
[2025-06-27 18:16:34]     -> Channel 125 (WM) [134/138]
[2025-06-27 18:17:27]     -> Channel 124 (WM) [135/138]
[2025-06-27 18:18:19]     -> Channel 123 (Posterior Cingulate) [136/138]
[2025-06-27 18:19:12]     -> Channel 122 (Posterior Cingulate) [137/138]
[2025-06-27 18:20:04]     -> Channel 121 (Posterior Cingulate) [138/138]
[2025-06-27 18:20:57]   Saved subject data to /home/alabwam1/Desktop/modulogram_V7/trial-run-3/EMU024_loss_mod30-120_session3_bw5_bins36/EMU024_session3_struct.mat
[2025-06-27 18:20:57] Saved combined data to /home/alabwam1/Desktop/modulogram_V7/trial-run-3/EMU024_loss_mod30-120_session3_bw5_bins36/allSubjects_session3_20250627_182057.mat
