[2025-06-27 21:09:28] ===== Modulogram Pipeline =====
[2025-06-27 21:09:28] Subjects: 1
[2025-06-27 21:09:28] Session : 2
[2025-06-27 21:09:28] Alignments: loss
[2025-06-27 21:09:28] 
=== [1/1] Subject EMU024 | Session 2 ===
[2025-06-27 21:09:28]   Loaded setup: 138 channels
[2025-06-27 21:09:28]   -> Alignment 1/1: loss
[2025-06-27 21:09:28]     -> Channel 057 (Anterior Middle Temporal Gyrus) [1/138]
[2025-06-27 21:10:23]     -> Channel 056 (Anterior Middle Temporal Gyrus) [2/138]
[2025-06-27 21:11:19]     -> Channel 055 (Anterior Middle Temporal Gyrus) [3/138]
[2025-06-27 21:12:14]     -> Channel 054 (Anterior Middle Temporal Gyrus) [4/138]
[2025-06-27 21:13:09]     -> Channel 053 (Anterior Middle Temporal Gyrus) [5/138]
[2025-06-27 21:14:05]     -> Channel 052 (Anterior Middle Temporal Gyrus) [6/138]
[2025-06-27 21:15:01]     -> Channel 051 (Anterior Middle Temporal Gyrus) [7/138]
[2025-06-27 21:15:56]     -> Channel 050 (Insula) [8/138]
[2025-06-27 21:16:51]     -> Channel 049 (WM (Temporal Stem)*) [9/138]
[2025-06-27 21:17:46]     -> Channel 048 (WM (Temporal Stem)*) [10/138]
[2025-06-27 21:18:41]     -> Channel 047 (WM (Temporal Stem)*) [11/138]
[2025-06-27 21:19:36]     -> Channel 046 (Amygdala) [12/138]
[2025-06-27 21:20:31]     -> Channel 045 (Amygdala) [13/138]
[2025-06-27 21:21:26]     -> Channel 044 (Amygdala) [14/138]
[2025-06-27 21:22:21]     -> Channel 043 (Amygdala) [15/138]
[2025-06-27 21:23:16]     -> Channel 042 (Middle Temporal Gyrus) [16/138]
[2025-06-27 21:24:10]     -> Channel 041 (Middle Temporal Gyrus) [17/138]
[2025-06-27 21:25:05]     -> Channel 040 (Middle Temporal Gyrus) [18/138]
[2025-06-27 21:26:00]     -> Channel 039 (Middle Temporal Gyrus) [19/138]
[2025-06-27 21:26:55]     -> Channel 038 (Middle Temporal Gyrus) [20/138]
[2025-06-27 21:27:50]     -> Channel 037 (Middle Temporal Gyrus) [21/138]
[2025-06-27 21:28:45]     -> Channel 036 (Middle Temporal Gyrus) [22/138]
