[2025-06-26 17:48:19] ===== Modulogram Pipeline =====
[2025-06-26 17:48:19] Subjects: 1
[2025-06-26 17:48:19] Session : 1
[2025-06-26 17:48:19] Alignments: win
[2025-06-26 17:48:19] 
=== [1/1] Subject EMU024 | Session 1 ===
[2025-06-26 17:48:19]   Loaded setup: 138 channels
[2025-06-26 17:48:19]   -> Alignment 1/1: win
[2025-06-26 17:48:19]     -> Channel 057 (Anterior Middle Temporal Gyrus) [1/138]
[2025-06-26 17:50:26]     -> Channel 056 (Anterior Middle Temporal Gyrus) [2/138]
[2025-06-26 17:52:18]     -> Channel 055 (Anterior Middle Temporal Gyrus) [3/138]
[2025-06-26 17:54:09]     -> Channel 054 (Anterior Middle Temporal Gyrus) [4/138]
[2025-06-26 17:56:00]     -> Channel 053 (Anterior Middle Temporal Gyrus) [5/138]
[2025-06-26 17:57:53]     -> Channel 052 (Anterior Middle Temporal Gyrus) [6/138]
[2025-06-26 17:59:43]     -> Channel 051 (Anterior Middle Temporal Gyrus) [7/138]
[2025-06-26 18:01:35]     -> Channel 050 (Insula) [8/138]
[2025-06-26 18:03:27]     -> Channel 049 (WM (Temporal Stem)*) [9/138]
[2025-06-26 18:05:20]     -> Channel 048 (WM (Temporal Stem)*) [10/138]
[2025-06-26 18:07:12]     -> Channel 047 (WM (Temporal Stem)*) [11/138]
[2025-06-26 18:09:03]     -> Channel 046 (Amygdala) [12/138]
[2025-06-26 18:10:54]     -> Channel 045 (Amygdala) [13/138]
[2025-06-26 18:12:45]     -> Channel 044 (Amygdala) [14/138]
[2025-06-26 18:14:35]     -> Channel 043 (Amygdala) [15/138]
[2025-06-26 18:16:26]     -> Channel 042 (Middle Temporal Gyrus) [16/138]
[2025-06-26 18:18:18]     -> Channel 041 (Middle Temporal Gyrus) [17/138]
[2025-06-26 18:20:09]     -> Channel 040 (Middle Temporal Gyrus) [18/138]
[2025-06-26 18:21:59]     -> Channel 039 (Middle Temporal Gyrus) [19/138]
[2025-06-26 18:23:50]     -> Channel 038 (Middle Temporal Gyrus) [20/138]
[2025-06-26 18:25:41]     -> Channel 037 (Middle Temporal Gyrus) [21/138]
[2025-06-26 18:27:34]     -> Channel 036 (Middle Temporal Gyrus) [22/138]
[2025-06-26 18:29:25]     -> Channel 035 (WM) [23/138]
[2025-06-26 18:31:16]     -> Channel 034 (WM) [24/138]
[2025-06-26 18:33:07]     -> Channel 033 (WM) [25/138]
[2025-06-26 18:34:59]     -> Channel 032 (Hippocampus Head) [26/138]
[2025-06-26 18:36:50]     -> Channel 031 (Hippocampus Head) [27/138]
[2025-06-26 18:38:40]     -> Channel 030 (Hippocampus Head) [28/138]
[2025-06-26 18:40:32]     -> Channel 029 (Hippocampus Head) [29/138]
[2025-06-26 18:42:23]     -> Channel 028 (Hippocampus Head) [30/138]
[2025-06-26 18:44:15]     -> Channel 027 (Posterior Superior Temporal Sulcus) [31/138]
[2025-06-26 18:46:06]     -> Channel 026 (Posterior Superior Temporal Sulcus) [32/138]
[2025-06-26 18:47:57]     -> Channel 025 (Posterior Superior Temporal Sulcus) [33/138]
[2025-06-26 18:49:48]     -> Channel 024 (Posterior Superior Temporal Sulcus) [34/138]
[2025-06-26 18:51:39]     -> Channel 023 (Posterior Superior Temporal Sulcus) [35/138]
[2025-06-26 18:53:30]     -> Channel 022 (Posterior Superior Temporal Sulcus) [36/138]
[2025-06-26 18:55:21]     -> Channel 021 (WM) [37/138]
[2025-06-26 18:57:12]     -> Channel 020 (WM) [38/138]
[2025-06-26 18:59:04]     -> Channel 019 (WM) [39/138]
[2025-06-26 19:00:55]     -> Channel 018 (Hippocampus Tail) [40/138]
[2025-06-26 19:02:46]     -> Channel 017 (Hippocampus Tail) [41/138]
[2025-06-26 19:04:38]     -> Channel 016 (Posterior Parahippocampal) [42/138]
[2025-06-26 19:06:30]     -> Channel 015 (Posterior Parahippocampal) [43/138]
[2025-06-26 19:08:21]     -> Channel 014 (Posterior Parahippocampal) [44/138]
[2025-06-26 19:10:11]     -> Channel 013 (Posterior Parahippocampal) [45/138]
[2025-06-26 19:12:02]     -> Channel 069 (Inferior Temporal Sulcus) [46/138]
[2025-06-26 19:13:54]     -> Channel 068 (Inferior Temporal Sulcus) [47/138]
[2025-06-26 19:15:45]     -> Channel 067 (Inferior Temporal Sulcus) [48/138]
[2025-06-26 19:17:37]     -> Channel 066 (Fusiform Gyrus) [49/138]
[2025-06-26 19:19:29]     -> Channel 065 (Fusiform Gyrus) [50/138]
[2025-06-26 19:21:19]     -> Channel 064 (Fusiform Gyrus) [51/138]
[2025-06-26 19:23:11]     -> Channel 063 (Collateral Sulcus) [52/138]
[2025-06-26 19:25:02]     -> Channel 062 (Collateral Sulcus) [53/138]
[2025-06-26 19:26:53]     -> Channel 061 (Collateral Sulcus) [54/138]
[2025-06-26 19:28:45]     -> Channel 060 (Entorhinal Cortex) [55/138]
[2025-06-26 19:30:36]     -> Channel 059 (Entorhinal Cortex) [56/138]
[2025-06-26 19:32:26]     -> Channel 058 (Entorhinal Cortex) [57/138]
[2025-06-26 19:34:17]     -> Channel 012 (Basal Inferior Temporal Gyrus) [58/138]
[2025-06-26 19:36:10]     -> Channel 011 (Basal Inferior Temporal Gyrus) [59/138]
[2025-06-26 19:38:02]     -> Channel 010 (Basal Inferior Temporal Gyrus) [60/138]
[2025-06-26 19:39:52]     -> Channel 009 (Basal Inferior Temporal Gyrus) [61/138]
[2025-06-26 19:41:42]     -> Channel 008 (Basal Inferior Temporal Gyrus) [62/138]
[2025-06-26 19:43:33]     -> Channel 007 (Basal Inferior Temporal Gyrus) [63/138]
[2025-06-26 19:45:24]     -> Channel 006 (Temporal Occipital Sulcus*) [64/138]
[2025-06-26 19:47:16]     -> Channel 005 (Fusiform Gyrus) [65/138]
[2025-06-26 19:49:07]     -> Channel 004 (Fusiform Gyrus) [66/138]
[2025-06-26 19:50:58]     -> Channel 003 (Fusiform Gyrus) [67/138]
[2025-06-26 19:52:48]     -> Channel 002 (Parahippocampal) [68/138]
[2025-06-26 19:54:39]     -> Channel 001 (Parahippocampal) [69/138]
[2025-06-26 19:56:30]     -> Channel 079 (Out) [70/138]
[2025-06-26 19:58:21]     -> Channel 078 (Out) [71/138]
[2025-06-26 20:00:12]     -> Channel 077 (Middle Temporal Gyrus) [72/138]
[2025-06-26 20:02:02]     -> Channel 076 (Middle Temporal Gyrus) [73/138]
[2025-06-26 20:03:53]     -> Channel 075 (Temporal Pole*) [74/138]
[2025-06-26 20:05:44]     -> Channel 074 (Temporal Pole*) [75/138]
[2025-06-26 20:07:37]     -> Channel 073 (Temporal Pole*) [76/138]
[2025-06-26 20:09:30]     -> Channel 072 (Temporal Pole*) [77/138]
[2025-06-26 20:11:21]     -> Channel 071 (Temporal Pole*) [78/138]
[2025-06-26 20:13:12]     -> Channel 070 (Temporal Pole*) [79/138]
[2025-06-26 20:15:02]     -> Channel 094 (Planum Polare) [80/138]
[2025-06-26 20:16:52]     -> Channel 093 (Planum Polare) [81/138]
[2025-06-26 20:18:44]     -> Channel 092 (Planum Polare) [82/138]
[2025-06-26 20:20:35]     -> Channel 091 (Planum Polare) [83/138]
[2025-06-26 20:22:26]     -> Channel 090 (Sylvian Fissure) [84/138]
[2025-06-26 20:24:17]     -> Channel 089 (Ventral Insula) [85/138]
[2025-06-26 20:26:07]     -> Channel 088 (Ventral Insula) [86/138]
[2025-06-26 20:27:58]     -> Channel 087 (Ventral Insula) [87/138]
[2025-06-26 20:29:49]     -> Channel 086 (Posterior Orbitofrontal) [88/138]
[2025-06-26 20:31:41]     -> Channel 085 (Posterior Orbitofrontal) [89/138]
[2025-06-26 20:33:32]     -> Channel 084 (Posterior Orbitofrontal) [90/138]
[2025-06-26 20:35:22]     -> Channel 083 (Posterior Orbitofrontal) [91/138]
[2025-06-26 20:37:14]     -> Channel 082 (Posterior Orbitofrontal) [92/138]
[2025-06-26 20:39:07]     -> Channel 081 (Posterior Orbitofrontal) [93/138]
[2025-06-26 20:40:58]     -> Channel 080 (Posterior Orbitofrontal) [94/138]
[2025-06-26 20:42:49]     -> Channel 102 (Planum Polare) [95/138]
[2025-06-26 20:44:40]     -> Channel 101 (Planum Polare) [96/138]
[2025-06-26 20:46:31]     -> Channel 100 (Planum Polare) [97/138]
[2025-06-26 20:48:21]     -> Channel 099 (Planum Polare) [98/138]
[2025-06-26 20:50:10]     -> Channel 098 (Sylvian Fissure) [99/138]
[2025-06-26 20:51:58]     -> Channel 097 (Ventral Insula) [100/138]
[2025-06-26 20:53:44]     -> Channel 096 (Ventral Insula) [101/138]
[2025-06-26 20:55:30]     -> Channel 095 (Ventral Insula) [102/138]
[2025-06-26 20:57:15]     -> Channel 120 (Out) [103/138]
[2025-06-26 20:59:01]     -> Channel 119 (Planum Temporale) [104/138]
[2025-06-26 21:00:46]     -> Channel 118 (Planum Temporale) [105/138]
[2025-06-26 21:02:31]     -> Channel 117 (Planum Temporale) [106/138]
[2025-06-26 21:04:16]     -> Channel 116 (Planum Temporale) [107/138]
[2025-06-26 21:06:02]     -> Channel 115 (Planum Temporale) [108/138]
[2025-06-26 21:07:47]     -> Channel 114 (Planum Temporale) [109/138]
[2025-06-26 21:09:33]     -> Channel 113 (Heschl's Gyrus) [110/138]
[2025-06-26 21:11:18]     -> Channel 112 (Heschl's Gyrus) [111/138]
[2025-06-26 21:13:03]     -> Channel 111 (Heschl's Gyrus) [112/138]
[2025-06-26 21:14:49]     -> Channel 110 (Heschl's Gyrus) [113/138]
[2025-06-26 21:16:34]     -> Channel 109 (Posterior Insula) [114/138]
[2025-06-26 21:18:19]     -> Channel 108 (WM) [115/138]
[2025-06-26 21:20:05]     -> Channel 107 (WM) [116/138]
[2025-06-26 21:21:50]     -> Channel 106 (Pulvinar) [117/138]
[2025-06-26 21:23:36]     -> Channel 105 (Pulvinar) [118/138]
[2025-06-26 21:25:22]     -> Channel 104 (Pulvinar) [119/138]
[2025-06-26 21:27:07]     -> Channel 103 (Pulvinar) [120/138]
[2025-06-26 21:28:52]     -> Channel 138 (WM) [121/138]
[2025-06-26 21:30:37]     -> Channel 137 (WM) [122/138]
[2025-06-26 21:32:22]     -> Channel 136 (WM) [123/138]
[2025-06-26 21:34:08]     -> Channel 135 (WM) [124/138]
[2025-06-26 21:35:53]     -> Channel 134 (WM) [125/138]
[2025-06-26 21:37:39]     -> Channel 133 (WM) [126/138]
[2025-06-26 21:39:25]     -> Channel 132 (WM) [127/138]
[2025-06-26 21:41:09]     -> Channel 131 (WM) [128/138]
[2025-06-26 21:42:53]     -> Channel 130 (WM) [129/138]
[2025-06-26 21:44:37]     -> Channel 129 (WM) [130/138]
[2025-06-26 21:46:21]     -> Channel 128 (WM) [131/138]
[2025-06-26 21:48:05]     -> Channel 127 (WM) [132/138]
[2025-06-26 21:49:49]     -> Channel 126 (WM) [133/138]
[2025-06-26 21:51:34]     -> Channel 125 (WM) [134/138]
[2025-06-26 21:53:18]     -> Channel 124 (WM) [135/138]
[2025-06-26 21:55:02]     -> Channel 123 (Posterior Cingulate) [136/138]
[2025-06-26 21:56:46]     -> Channel 122 (Posterior Cingulate) [137/138]
[2025-06-26 21:58:30]     -> Channel 121 (Posterior Cingulate) [138/138]
[2025-06-26 22:00:14]   Saved subject data to /home/alabwam1/Desktop/modulogram_V7/trial-run-3/EMU024_win_mod30-120_session1_bw5_bins36/EMU024_session1_struct.mat
[2025-06-26 22:00:14] Saved combined data to /home/alabwam1/Desktop/modulogram_V7/trial-run-3/EMU024_win_mod30-120_session1_bw5_bins36/allSubjects_session1_20250626_220014.mat
