[2025-06-27 01:00:30] ===== Modulogram Pipeline =====
[2025-06-27 01:00:30] Subjects: 1
[2025-06-27 01:00:30] Session : 3
[2025-06-27 01:00:30] Alignments: win
[2025-06-27 01:00:30] 
=== [1/1] Subject EMU024 | Session 3 ===
[2025-06-27 01:00:30]   Loaded setup: 138 channels
[2025-06-27 01:00:30]   -> Alignment 1/1: win
[2025-06-27 01:00:30]     -> Channel 057 (Anterior Middle Temporal Gyrus) [1/138]
[2025-06-27 01:01:23]     -> Channel 056 (Anterior Middle Temporal Gyrus) [2/138]
[2025-06-27 01:02:15]     -> Channel 055 (Anterior Middle Temporal Gyrus) [3/138]
[2025-06-27 01:03:08]     -> Channel 054 (Anterior Middle Temporal Gyrus) [4/138]
[2025-06-27 01:04:00]     -> Channel 053 (Anterior Middle Temporal Gyrus) [5/138]
[2025-06-27 01:04:53]     -> Channel 052 (Anterior Middle Temporal Gyrus) [6/138]
[2025-06-27 01:05:45]     -> Channel 051 (Anterior Middle Temporal Gyrus) [7/138]
[2025-06-27 01:06:38]     -> Channel 050 (Insula) [8/138]
[2025-06-27 01:07:30]     -> Channel 049 (WM (Temporal Stem)*) [9/138]
[2025-06-27 01:08:23]     -> Channel 048 (WM (Temporal Stem)*) [10/138]
[2025-06-27 01:09:16]     -> Channel 047 (WM (Temporal Stem)*) [11/138]
[2025-06-27 01:10:08]     -> Channel 046 (Amygdala) [12/138]
[2025-06-27 01:11:01]     -> Channel 045 (Amygdala) [13/138]
[2025-06-27 01:11:53]     -> Channel 044 (Amygdala) [14/138]
[2025-06-27 01:12:47]     -> Channel 043 (Amygdala) [15/138]
[2025-06-27 01:13:39]     -> Channel 042 (Middle Temporal Gyrus) [16/138]
[2025-06-27 01:14:32]     -> Channel 041 (Middle Temporal Gyrus) [17/138]
[2025-06-27 01:15:25]     -> Channel 040 (Middle Temporal Gyrus) [18/138]
[2025-06-27 01:16:17]     -> Channel 039 (Middle Temporal Gyrus) [19/138]
[2025-06-27 01:17:10]     -> Channel 038 (Middle Temporal Gyrus) [20/138]
[2025-06-27 01:18:02]     -> Channel 037 (Middle Temporal Gyrus) [21/138]
[2025-06-27 01:18:55]     -> Channel 036 (Middle Temporal Gyrus) [22/138]
[2025-06-27 01:19:48]     -> Channel 035 (WM) [23/138]
[2025-06-27 01:20:40]     -> Channel 034 (WM) [24/138]
[2025-06-27 01:21:33]     -> Channel 033 (WM) [25/138]
[2025-06-27 01:22:25]     -> Channel 032 (Hippocampus Head) [26/138]
[2025-06-27 01:23:19]     -> Channel 031 (Hippocampus Head) [27/138]
[2025-06-27 01:24:12]     -> Channel 030 (Hippocampus Head) [28/138]
[2025-06-27 01:25:05]     -> Channel 029 (Hippocampus Head) [29/138]
[2025-06-27 01:25:58]     -> Channel 028 (Hippocampus Head) [30/138]
[2025-06-27 01:26:50]     -> Channel 027 (Posterior Superior Temporal Sulcus) [31/138]
[2025-06-27 01:27:43]     -> Channel 026 (Posterior Superior Temporal Sulcus) [32/138]
[2025-06-27 01:28:35]     -> Channel 025 (Posterior Superior Temporal Sulcus) [33/138]
[2025-06-27 01:29:28]     -> Channel 024 (Posterior Superior Temporal Sulcus) [34/138]
[2025-06-27 01:30:20]     -> Channel 023 (Posterior Superior Temporal Sulcus) [35/138]
[2025-06-27 01:31:13]     -> Channel 022 (Posterior Superior Temporal Sulcus) [36/138]
[2025-06-27 01:32:06]     -> Channel 021 (WM) [37/138]
[2025-06-27 01:32:58]     -> Channel 020 (WM) [38/138]
[2025-06-27 01:33:51]     -> Channel 019 (WM) [39/138]
[2025-06-27 01:34:44]     -> Channel 018 (Hippocampus Tail) [40/138]
[2025-06-27 01:35:36]     -> Channel 017 (Hippocampus Tail) [41/138]
[2025-06-27 01:36:29]     -> Channel 016 (Posterior Parahippocampal) [42/138]
[2025-06-27 01:37:21]     -> Channel 015 (Posterior Parahippocampal) [43/138]
[2025-06-27 01:38:14]     -> Channel 014 (Posterior Parahippocampal) [44/138]
[2025-06-27 01:39:07]     -> Channel 013 (Posterior Parahippocampal) [45/138]
[2025-06-27 01:40:00]     -> Channel 069 (Inferior Temporal Sulcus) [46/138]
[2025-06-27 01:40:52]     -> Channel 068 (Inferior Temporal Sulcus) [47/138]
[2025-06-27 01:41:45]     -> Channel 067 (Inferior Temporal Sulcus) [48/138]
[2025-06-27 01:42:37]     -> Channel 066 (Fusiform Gyrus) [49/138]
[2025-06-27 01:43:30]     -> Channel 065 (Fusiform Gyrus) [50/138]
[2025-06-27 01:44:23]     -> Channel 064 (Fusiform Gyrus) [51/138]
[2025-06-27 01:45:15]     -> Channel 063 (Collateral Sulcus) [52/138]
[2025-06-27 01:46:08]     -> Channel 062 (Collateral Sulcus) [53/138]
[2025-06-27 01:47:00]     -> Channel 061 (Collateral Sulcus) [54/138]
[2025-06-27 01:47:53]     -> Channel 060 (Entorhinal Cortex) [55/138]
[2025-06-27 01:48:45]     -> Channel 059 (Entorhinal Cortex) [56/138]
[2025-06-27 01:49:38]     -> Channel 058 (Entorhinal Cortex) [57/138]
[2025-06-27 01:50:31]     -> Channel 012 (Basal Inferior Temporal Gyrus) [58/138]
[2025-06-27 01:51:23]     -> Channel 011 (Basal Inferior Temporal Gyrus) [59/138]
[2025-06-27 01:52:16]     -> Channel 010 (Basal Inferior Temporal Gyrus) [60/138]
[2025-06-27 01:53:09]     -> Channel 009 (Basal Inferior Temporal Gyrus) [61/138]
[2025-06-27 01:54:02]     -> Channel 008 (Basal Inferior Temporal Gyrus) [62/138]
[2025-06-27 01:54:54]     -> Channel 007 (Basal Inferior Temporal Gyrus) [63/138]
[2025-06-27 01:55:47]     -> Channel 006 (Temporal Occipital Sulcus*) [64/138]
[2025-06-27 01:56:39]     -> Channel 005 (Fusiform Gyrus) [65/138]
[2025-06-27 01:57:32]     -> Channel 004 (Fusiform Gyrus) [66/138]
[2025-06-27 01:58:24]     -> Channel 003 (Fusiform Gyrus) [67/138]
[2025-06-27 01:59:17]     -> Channel 002 (Parahippocampal) [68/138]
[2025-06-27 02:00:09]     -> Channel 001 (Parahippocampal) [69/138]
[2025-06-27 02:01:02]     -> Channel 079 (Out) [70/138]
[2025-06-27 02:01:54]     -> Channel 078 (Out) [71/138]
[2025-06-27 02:02:47]     -> Channel 077 (Middle Temporal Gyrus) [72/138]
[2025-06-27 02:03:39]     -> Channel 076 (Middle Temporal Gyrus) [73/138]
[2025-06-27 02:04:32]     -> Channel 075 (Temporal Pole*) [74/138]
[2025-06-27 02:05:25]     -> Channel 074 (Temporal Pole*) [75/138]
[2025-06-27 02:06:17]     -> Channel 073 (Temporal Pole*) [76/138]
[2025-06-27 02:07:10]     -> Channel 072 (Temporal Pole*) [77/138]
[2025-06-27 02:08:03]     -> Channel 071 (Temporal Pole*) [78/138]
[2025-06-27 02:08:55]     -> Channel 070 (Temporal Pole*) [79/138]
[2025-06-27 02:09:48]     -> Channel 094 (Planum Polare) [80/138]
[2025-06-27 02:10:41]     -> Channel 093 (Planum Polare) [81/138]
[2025-06-27 02:11:33]     -> Channel 092 (Planum Polare) [82/138]
[2025-06-27 02:12:26]     -> Channel 091 (Planum Polare) [83/138]
[2025-06-27 02:13:18]     -> Channel 090 (Sylvian Fissure) [84/138]
[2025-06-27 02:14:11]     -> Channel 089 (Ventral Insula) [85/138]
[2025-06-27 02:15:03]     -> Channel 088 (Ventral Insula) [86/138]
[2025-06-27 02:15:56]     -> Channel 087 (Ventral Insula) [87/138]
[2025-06-27 02:16:48]     -> Channel 086 (Posterior Orbitofrontal) [88/138]
[2025-06-27 02:17:41]     -> Channel 085 (Posterior Orbitofrontal) [89/138]
[2025-06-27 02:18:33]     -> Channel 084 (Posterior Orbitofrontal) [90/138]
[2025-06-27 02:19:26]     -> Channel 083 (Posterior Orbitofrontal) [91/138]
[2025-06-27 02:20:19]     -> Channel 082 (Posterior Orbitofrontal) [92/138]
[2025-06-27 02:21:11]     -> Channel 081 (Posterior Orbitofrontal) [93/138]
[2025-06-27 02:22:04]     -> Channel 080 (Posterior Orbitofrontal) [94/138]
[2025-06-27 02:22:56]     -> Channel 102 (Planum Polare) [95/138]
[2025-06-27 02:23:49]     -> Channel 101 (Planum Polare) [96/138]
[2025-06-27 02:24:42]     -> Channel 100 (Planum Polare) [97/138]
[2025-06-27 02:25:34]     -> Channel 099 (Planum Polare) [98/138]
[2025-06-27 02:26:27]     -> Channel 098 (Sylvian Fissure) [99/138]
[2025-06-27 02:27:20]     -> Channel 097 (Ventral Insula) [100/138]
[2025-06-27 02:28:12]     -> Channel 096 (Ventral Insula) [101/138]
[2025-06-27 02:29:05]     -> Channel 095 (Ventral Insula) [102/138]
[2025-06-27 02:29:57]     -> Channel 120 (Out) [103/138]
[2025-06-27 02:30:50]     -> Channel 119 (Planum Temporale) [104/138]
[2025-06-27 02:31:42]     -> Channel 118 (Planum Temporale) [105/138]
[2025-06-27 02:32:35]     -> Channel 117 (Planum Temporale) [106/138]
[2025-06-27 02:33:27]     -> Channel 116 (Planum Temporale) [107/138]
[2025-06-27 02:34:20]     -> Channel 115 (Planum Temporale) [108/138]
[2025-06-27 02:35:12]     -> Channel 114 (Planum Temporale) [109/138]
[2025-06-27 02:36:05]     -> Channel 113 (Heschl's Gyrus) [110/138]
[2025-06-27 02:36:58]     -> Channel 112 (Heschl's Gyrus) [111/138]
[2025-06-27 02:37:51]     -> Channel 111 (Heschl's Gyrus) [112/138]
[2025-06-27 02:38:44]     -> Channel 110 (Heschl's Gyrus) [113/138]
[2025-06-27 02:39:37]     -> Channel 109 (Posterior Insula) [114/138]
[2025-06-27 02:40:29]     -> Channel 108 (WM) [115/138]
[2025-06-27 02:41:25]     -> Channel 107 (WM) [116/138]
[2025-06-27 02:42:18]     -> Channel 106 (Pulvinar) [117/138]
[2025-06-27 02:43:10]     -> Channel 105 (Pulvinar) [118/138]
[2025-06-27 02:44:03]     -> Channel 104 (Pulvinar) [119/138]
[2025-06-27 02:44:56]     -> Channel 103 (Pulvinar) [120/138]
[2025-06-27 02:45:48]     -> Channel 138 (WM) [121/138]
[2025-06-27 02:46:41]     -> Channel 137 (WM) [122/138]
[2025-06-27 02:47:34]     -> Channel 136 (WM) [123/138]
[2025-06-27 02:48:26]     -> Channel 135 (WM) [124/138]
[2025-06-27 02:49:19]     -> Channel 134 (WM) [125/138]
[2025-06-27 02:50:12]     -> Channel 133 (WM) [126/138]
[2025-06-27 02:51:04]     -> Channel 132 (WM) [127/138]
[2025-06-27 02:51:57]     -> Channel 131 (WM) [128/138]
[2025-06-27 02:52:50]     -> Channel 130 (WM) [129/138]
[2025-06-27 02:53:43]     -> Channel 129 (WM) [130/138]
[2025-06-27 02:54:36]     -> Channel 128 (WM) [131/138]
[2025-06-27 02:55:28]     -> Channel 127 (WM) [132/138]
[2025-06-27 02:56:21]     -> Channel 126 (WM) [133/138]
[2025-06-27 02:57:13]     -> Channel 125 (WM) [134/138]
[2025-06-27 02:58:06]     -> Channel 124 (WM) [135/138]
[2025-06-27 02:58:59]     -> Channel 123 (Posterior Cingulate) [136/138]
[2025-06-27 02:59:51]     -> Channel 122 (Posterior Cingulate) [137/138]
[2025-06-27 03:00:44]     -> Channel 121 (Posterior Cingulate) [138/138]
[2025-06-27 03:01:39]   Saved subject data to /home/alabwam1/Desktop/modulogram_V7/trial-run-3/EMU024_win_mod30-120_session3_bw5_bins36/EMU024_session3_struct.mat
[2025-06-27 03:01:39] Saved combined data to /home/alabwam1/Desktop/modulogram_V7/trial-run-3/EMU024_win_mod30-120_session3_bw5_bins36/allSubjects_session3_20250627_030139.mat
