[2025-06-26 22:00:14] ===== Modulogram Pipeline =====
[2025-06-26 22:00:14] Subjects: 1
[2025-06-26 22:00:14] Session : 2
[2025-06-26 22:00:14] Alignments: win
[2025-06-26 22:00:14] 
=== [1/1] Subject EMU024 | Session 2 ===
[2025-06-26 22:00:14]   Loaded setup: 138 channels
[2025-06-26 22:00:14]   -> Alignment 1/1: win
[2025-06-26 22:00:14]     -> Channel 057 (Anterior Middle Temporal Gyrus) [1/138]
[2025-06-26 22:01:32]     -> Channel 056 (Anterior Middle Temporal Gyrus) [2/138]
[2025-06-26 22:02:51]     -> Channel 055 (Anterior Middle Temporal Gyrus) [3/138]
[2025-06-26 22:04:09]     -> Channel 054 (Anterior Middle Temporal Gyrus) [4/138]
[2025-06-26 22:05:28]     -> Channel 053 (Anterior Middle Temporal Gyrus) [5/138]
[2025-06-26 22:06:46]     -> Channel 052 (Anterior Middle Temporal Gyrus) [6/138]
[2025-06-26 22:08:05]     -> Channel 051 (Anterior Middle Temporal Gyrus) [7/138]
[2025-06-26 22:09:23]     -> Channel 050 (Insula) [8/138]
[2025-06-26 22:10:42]     -> Channel 049 (WM (Temporal Stem)*) [9/138]
[2025-06-26 22:12:00]     -> Channel 048 (WM (Temporal Stem)*) [10/138]
[2025-06-26 22:13:18]     -> Channel 047 (WM (Temporal Stem)*) [11/138]
[2025-06-26 22:14:36]     -> Channel 046 (Amygdala) [12/138]
[2025-06-26 22:15:55]     -> Channel 045 (Amygdala) [13/138]
[2025-06-26 22:17:13]     -> Channel 044 (Amygdala) [14/138]
[2025-06-26 22:18:31]     -> Channel 043 (Amygdala) [15/138]
[2025-06-26 22:19:50]     -> Channel 042 (Middle Temporal Gyrus) [16/138]
[2025-06-26 22:21:08]     -> Channel 041 (Middle Temporal Gyrus) [17/138]
[2025-06-26 22:22:27]     -> Channel 040 (Middle Temporal Gyrus) [18/138]
[2025-06-26 22:23:45]     -> Channel 039 (Middle Temporal Gyrus) [19/138]
[2025-06-26 22:25:04]     -> Channel 038 (Middle Temporal Gyrus) [20/138]
[2025-06-26 22:26:22]     -> Channel 037 (Middle Temporal Gyrus) [21/138]
[2025-06-26 22:27:40]     -> Channel 036 (Middle Temporal Gyrus) [22/138]
[2025-06-26 22:28:59]     -> Channel 035 (WM) [23/138]
[2025-06-26 22:30:17]     -> Channel 034 (WM) [24/138]
[2025-06-26 22:31:35]     -> Channel 033 (WM) [25/138]
[2025-06-26 22:32:54]     -> Channel 032 (Hippocampus Head) [26/138]
[2025-06-26 22:34:12]     -> Channel 031 (Hippocampus Head) [27/138]
[2025-06-26 22:35:30]     -> Channel 030 (Hippocampus Head) [28/138]
[2025-06-26 22:36:49]     -> Channel 029 (Hippocampus Head) [29/138]
[2025-06-26 22:38:07]     -> Channel 028 (Hippocampus Head) [30/138]
[2025-06-26 22:39:26]     -> Channel 027 (Posterior Superior Temporal Sulcus) [31/138]
[2025-06-26 22:40:44]     -> Channel 026 (Posterior Superior Temporal Sulcus) [32/138]
[2025-06-26 22:42:02]     -> Channel 025 (Posterior Superior Temporal Sulcus) [33/138]
[2025-06-26 22:43:21]     -> Channel 024 (Posterior Superior Temporal Sulcus) [34/138]
[2025-06-26 22:44:39]     -> Channel 023 (Posterior Superior Temporal Sulcus) [35/138]
[2025-06-26 22:45:57]     -> Channel 022 (Posterior Superior Temporal Sulcus) [36/138]
[2025-06-26 22:47:16]     -> Channel 021 (WM) [37/138]
[2025-06-26 22:48:34]     -> Channel 020 (WM) [38/138]
[2025-06-26 22:49:52]     -> Channel 019 (WM) [39/138]
[2025-06-26 22:51:11]     -> Channel 018 (Hippocampus Tail) [40/138]
[2025-06-26 22:52:29]     -> Channel 017 (Hippocampus Tail) [41/138]
[2025-06-26 22:53:48]     -> Channel 016 (Posterior Parahippocampal) [42/138]
[2025-06-26 22:55:06]     -> Channel 015 (Posterior Parahippocampal) [43/138]
[2025-06-26 22:56:25]     -> Channel 014 (Posterior Parahippocampal) [44/138]
[2025-06-26 22:57:43]     -> Channel 013 (Posterior Parahippocampal) [45/138]
[2025-06-26 22:59:01]     -> Channel 069 (Inferior Temporal Sulcus) [46/138]
[2025-06-26 23:00:19]     -> Channel 068 (Inferior Temporal Sulcus) [47/138]
[2025-06-26 23:01:38]     -> Channel 067 (Inferior Temporal Sulcus) [48/138]
[2025-06-26 23:02:56]     -> Channel 066 (Fusiform Gyrus) [49/138]
[2025-06-26 23:04:14]     -> Channel 065 (Fusiform Gyrus) [50/138]
[2025-06-26 23:05:33]     -> Channel 064 (Fusiform Gyrus) [51/138]
[2025-06-26 23:06:51]     -> Channel 063 (Collateral Sulcus) [52/138]
[2025-06-26 23:08:10]     -> Channel 062 (Collateral Sulcus) [53/138]
[2025-06-26 23:09:28]     -> Channel 061 (Collateral Sulcus) [54/138]
[2025-06-26 23:10:47]     -> Channel 060 (Entorhinal Cortex) [55/138]
[2025-06-26 23:12:05]     -> Channel 059 (Entorhinal Cortex) [56/138]
[2025-06-26 23:13:23]     -> Channel 058 (Entorhinal Cortex) [57/138]
[2025-06-26 23:14:42]     -> Channel 012 (Basal Inferior Temporal Gyrus) [58/138]
[2025-06-26 23:16:00]     -> Channel 011 (Basal Inferior Temporal Gyrus) [59/138]
[2025-06-26 23:17:18]     -> Channel 010 (Basal Inferior Temporal Gyrus) [60/138]
[2025-06-26 23:18:37]     -> Channel 009 (Basal Inferior Temporal Gyrus) [61/138]
[2025-06-26 23:19:55]     -> Channel 008 (Basal Inferior Temporal Gyrus) [62/138]
[2025-06-26 23:21:13]     -> Channel 007 (Basal Inferior Temporal Gyrus) [63/138]
[2025-06-26 23:22:32]     -> Channel 006 (Temporal Occipital Sulcus*) [64/138]
[2025-06-26 23:23:50]     -> Channel 005 (Fusiform Gyrus) [65/138]
[2025-06-26 23:25:09]     -> Channel 004 (Fusiform Gyrus) [66/138]
[2025-06-26 23:26:27]     -> Channel 003 (Fusiform Gyrus) [67/138]
[2025-06-26 23:27:46]     -> Channel 002 (Parahippocampal) [68/138]
[2025-06-26 23:29:04]     -> Channel 001 (Parahippocampal) [69/138]
[2025-06-26 23:30:22]     -> Channel 079 (Out) [70/138]
[2025-06-26 23:31:41]     -> Channel 078 (Out) [71/138]
[2025-06-26 23:32:59]     -> Channel 077 (Middle Temporal Gyrus) [72/138]
[2025-06-26 23:34:17]     -> Channel 076 (Middle Temporal Gyrus) [73/138]
[2025-06-26 23:35:36]     -> Channel 075 (Temporal Pole*) [74/138]
[2025-06-26 23:36:54]     -> Channel 074 (Temporal Pole*) [75/138]
[2025-06-26 23:38:13]     -> Channel 073 (Temporal Pole*) [76/138]
[2025-06-26 23:39:31]     -> Channel 072 (Temporal Pole*) [77/138]
[2025-06-26 23:40:49]     -> Channel 071 (Temporal Pole*) [78/138]
[2025-06-26 23:42:08]     -> Channel 070 (Temporal Pole*) [79/138]
[2025-06-26 23:43:26]     -> Channel 094 (Planum Polare) [80/138]
[2025-06-26 23:44:44]     -> Channel 093 (Planum Polare) [81/138]
[2025-06-26 23:46:03]     -> Channel 092 (Planum Polare) [82/138]
[2025-06-26 23:47:21]     -> Channel 091 (Planum Polare) [83/138]
[2025-06-26 23:48:39]     -> Channel 090 (Sylvian Fissure) [84/138]
[2025-06-26 23:49:57]     -> Channel 089 (Ventral Insula) [85/138]
[2025-06-26 23:51:16]     -> Channel 088 (Ventral Insula) [86/138]
[2025-06-26 23:52:35]     -> Channel 087 (Ventral Insula) [87/138]
[2025-06-26 23:53:53]     -> Channel 086 (Posterior Orbitofrontal) [88/138]
[2025-06-26 23:55:11]     -> Channel 085 (Posterior Orbitofrontal) [89/138]
[2025-06-26 23:56:30]     -> Channel 084 (Posterior Orbitofrontal) [90/138]
[2025-06-26 23:57:48]     -> Channel 083 (Posterior Orbitofrontal) [91/138]
[2025-06-26 23:59:07]     -> Channel 082 (Posterior Orbitofrontal) [92/138]
[2025-06-27 00:00:25]     -> Channel 081 (Posterior Orbitofrontal) [93/138]
[2025-06-27 00:01:44]     -> Channel 080 (Posterior Orbitofrontal) [94/138]
[2025-06-27 00:03:02]     -> Channel 102 (Planum Polare) [95/138]
[2025-06-27 00:04:21]     -> Channel 101 (Planum Polare) [96/138]
[2025-06-27 00:05:39]     -> Channel 100 (Planum Polare) [97/138]
[2025-06-27 00:06:57]     -> Channel 099 (Planum Polare) [98/138]
[2025-06-27 00:08:16]     -> Channel 098 (Sylvian Fissure) [99/138]
[2025-06-27 00:09:34]     -> Channel 097 (Ventral Insula) [100/138]
[2025-06-27 00:10:53]     -> Channel 096 (Ventral Insula) [101/138]
[2025-06-27 00:12:11]     -> Channel 095 (Ventral Insula) [102/138]
[2025-06-27 00:13:29]     -> Channel 120 (Out) [103/138]
[2025-06-27 00:14:47]     -> Channel 119 (Planum Temporale) [104/138]
[2025-06-27 00:16:06]     -> Channel 118 (Planum Temporale) [105/138]
[2025-06-27 00:17:24]     -> Channel 117 (Planum Temporale) [106/138]
[2025-06-27 00:18:42]     -> Channel 116 (Planum Temporale) [107/138]
[2025-06-27 00:20:00]     -> Channel 115 (Planum Temporale) [108/138]
[2025-06-27 00:21:19]     -> Channel 114 (Planum Temporale) [109/138]
[2025-06-27 00:22:37]     -> Channel 113 (Heschl's Gyrus) [110/138]
[2025-06-27 00:23:56]     -> Channel 112 (Heschl's Gyrus) [111/138]
[2025-06-27 00:25:14]     -> Channel 111 (Heschl's Gyrus) [112/138]
[2025-06-27 00:26:32]     -> Channel 110 (Heschl's Gyrus) [113/138]
[2025-06-27 00:27:51]     -> Channel 109 (Posterior Insula) [114/138]
[2025-06-27 00:29:09]     -> Channel 108 (WM) [115/138]
[2025-06-27 00:30:27]     -> Channel 107 (WM) [116/138]
[2025-06-27 00:31:46]     -> Channel 106 (Pulvinar) [117/138]
[2025-06-27 00:33:04]     -> Channel 105 (Pulvinar) [118/138]
[2025-06-27 00:34:22]     -> Channel 104 (Pulvinar) [119/138]
[2025-06-27 00:35:40]     -> Channel 103 (Pulvinar) [120/138]
[2025-06-27 00:36:59]     -> Channel 138 (WM) [121/138]
[2025-06-27 00:38:17]     -> Channel 137 (WM) [122/138]
[2025-06-27 00:39:36]     -> Channel 136 (WM) [123/138]
[2025-06-27 00:40:54]     -> Channel 135 (WM) [124/138]
[2025-06-27 00:42:13]     -> Channel 134 (WM) [125/138]
[2025-06-27 00:43:31]     -> Channel 133 (WM) [126/138]
[2025-06-27 00:44:49]     -> Channel 132 (WM) [127/138]
[2025-06-27 00:46:08]     -> Channel 131 (WM) [128/138]
[2025-06-27 00:47:26]     -> Channel 130 (WM) [129/138]
[2025-06-27 00:48:44]     -> Channel 129 (WM) [130/138]
[2025-06-27 00:50:02]     -> Channel 128 (WM) [131/138]
[2025-06-27 00:51:21]     -> Channel 127 (WM) [132/138]
[2025-06-27 00:52:39]     -> Channel 126 (WM) [133/138]
[2025-06-27 00:53:58]     -> Channel 125 (WM) [134/138]
[2025-06-27 00:55:16]     -> Channel 124 (WM) [135/138]
[2025-06-27 00:56:34]     -> Channel 123 (Posterior Cingulate) [136/138]
[2025-06-27 00:57:53]     -> Channel 122 (Posterior Cingulate) [137/138]
[2025-06-27 00:59:11]     -> Channel 121 (Posterior Cingulate) [138/138]
[2025-06-27 01:00:30]   Saved subject data to /home/alabwam1/Desktop/modulogram_V7/trial-run-3/EMU024_win_mod30-120_session2_bw5_bins36/EMU024_session2_struct.mat
[2025-06-27 01:00:30] Saved combined data to /home/alabwam1/Desktop/modulogram_V7/trial-run-3/EMU024_win_mod30-120_session2_bw5_bins36/allSubjects_session2_20250627_010030.mat
