[2025-06-27 03:01:39] ===== Modulogram Pipeline =====
[2025-06-27 03:01:39] Subjects: 1
[2025-06-27 03:01:39] Session : 1
[2025-06-27 03:01:39] Alignments: win
[2025-06-27 03:01:39] 
=== [1/1] Subject EMU024 | Session 1 ===
[2025-06-27 03:01:39]   Loaded setup: 138 channels
[2025-06-27 03:01:39]   -> Alignment 1/1: win
[2025-06-27 03:01:39]     -> Channel 057 (Anterior Middle Temporal Gyrus) [1/138]
[2025-06-27 03:02:55]     -> Channel 056 (Anterior Middle Temporal Gyrus) [2/138]
[2025-06-27 03:04:11]     -> Channel 055 (Anterior Middle Temporal Gyrus) [3/138]
[2025-06-27 03:05:27]     -> Channel 054 (Anterior Middle Temporal Gyrus) [4/138]
[2025-06-27 03:06:43]     -> Channel 053 (Anterior Middle Temporal Gyrus) [5/138]
[2025-06-27 03:07:58]     -> Channel 052 (Anterior Middle Temporal Gyrus) [6/138]
[2025-06-27 03:09:14]     -> Channel 051 (Anterior Middle Temporal Gyrus) [7/138]
[2025-06-27 03:10:29]     -> Channel 050 (Insula) [8/138]
[2025-06-27 03:11:44]     -> Channel 049 (WM (Temporal Stem)*) [9/138]
[2025-06-27 03:12:59]     -> Channel 048 (WM (Temporal Stem)*) [10/138]
[2025-06-27 03:14:14]     -> Channel 047 (WM (Temporal Stem)*) [11/138]
[2025-06-27 03:15:29]     -> Channel 046 (Amygdala) [12/138]
[2025-06-27 03:16:42]     -> Channel 045 (Amygdala) [13/138]
[2025-06-27 03:17:55]     -> Channel 044 (Amygdala) [14/138]
[2025-06-27 03:19:08]     -> Channel 043 (Amygdala) [15/138]
[2025-06-27 03:20:21]     -> Channel 042 (Middle Temporal Gyrus) [16/138]
[2025-06-27 03:21:34]     -> Channel 041 (Middle Temporal Gyrus) [17/138]
[2025-06-27 03:22:46]     -> Channel 040 (Middle Temporal Gyrus) [18/138]
[2025-06-27 03:23:59]     -> Channel 039 (Middle Temporal Gyrus) [19/138]
[2025-06-27 03:25:12]     -> Channel 038 (Middle Temporal Gyrus) [20/138]
[2025-06-27 03:26:25]     -> Channel 037 (Middle Temporal Gyrus) [21/138]
[2025-06-27 03:27:37]     -> Channel 036 (Middle Temporal Gyrus) [22/138]
[2025-06-27 03:28:50]     -> Channel 035 (WM) [23/138]
[2025-06-27 03:30:03]     -> Channel 034 (WM) [24/138]
[2025-06-27 03:31:16]     -> Channel 033 (WM) [25/138]
[2025-06-27 03:32:29]     -> Channel 032 (Hippocampus Head) [26/138]
[2025-06-27 03:33:42]     -> Channel 031 (Hippocampus Head) [27/138]
[2025-06-27 03:34:55]     -> Channel 030 (Hippocampus Head) [28/138]
[2025-06-27 03:36:08]     -> Channel 029 (Hippocampus Head) [29/138]
[2025-06-27 03:37:21]     -> Channel 028 (Hippocampus Head) [30/138]
[2025-06-27 03:38:34]     -> Channel 027 (Posterior Superior Temporal Sulcus) [31/138]
[2025-06-27 03:39:47]     -> Channel 026 (Posterior Superior Temporal Sulcus) [32/138]
[2025-06-27 03:41:00]     -> Channel 025 (Posterior Superior Temporal Sulcus) [33/138]
[2025-06-27 03:42:13]     -> Channel 024 (Posterior Superior Temporal Sulcus) [34/138]
[2025-06-27 03:43:25]     -> Channel 023 (Posterior Superior Temporal Sulcus) [35/138]
[2025-06-27 03:44:38]     -> Channel 022 (Posterior Superior Temporal Sulcus) [36/138]
[2025-06-27 03:45:52]     -> Channel 021 (WM) [37/138]
[2025-06-27 03:47:07]     -> Channel 020 (WM) [38/138]
[2025-06-27 03:48:23]     -> Channel 019 (WM) [39/138]
[2025-06-27 03:49:37]     -> Channel 018 (Hippocampus Tail) [40/138]
[2025-06-27 03:50:51]     -> Channel 017 (Hippocampus Tail) [41/138]
[2025-06-27 03:52:04]     -> Channel 016 (Posterior Parahippocampal) [42/138]
[2025-06-27 03:53:17]     -> Channel 015 (Posterior Parahippocampal) [43/138]
[2025-06-27 03:54:30]     -> Channel 014 (Posterior Parahippocampal) [44/138]
[2025-06-27 03:55:43]     -> Channel 013 (Posterior Parahippocampal) [45/138]
[2025-06-27 03:56:56]     -> Channel 069 (Inferior Temporal Sulcus) [46/138]
[2025-06-27 03:58:09]     -> Channel 068 (Inferior Temporal Sulcus) [47/138]
[2025-06-27 03:59:22]     -> Channel 067 (Inferior Temporal Sulcus) [48/138]
[2025-06-27 04:00:36]     -> Channel 066 (Fusiform Gyrus) [49/138]
[2025-06-27 04:01:52]     -> Channel 065 (Fusiform Gyrus) [50/138]
[2025-06-27 04:03:05]     -> Channel 064 (Fusiform Gyrus) [51/138]
[2025-06-27 04:04:18]     -> Channel 063 (Collateral Sulcus) [52/138]
[2025-06-27 04:05:32]     -> Channel 062 (Collateral Sulcus) [53/138]
[2025-06-27 04:06:45]     -> Channel 061 (Collateral Sulcus) [54/138]
[2025-06-27 04:07:58]     -> Channel 060 (Entorhinal Cortex) [55/138]
[2025-06-27 04:09:11]     -> Channel 059 (Entorhinal Cortex) [56/138]
[2025-06-27 04:10:24]     -> Channel 058 (Entorhinal Cortex) [57/138]
[2025-06-27 04:11:36]     -> Channel 012 (Basal Inferior Temporal Gyrus) [58/138]
[2025-06-27 04:12:49]     -> Channel 011 (Basal Inferior Temporal Gyrus) [59/138]
[2025-06-27 04:14:02]     -> Channel 010 (Basal Inferior Temporal Gyrus) [60/138]
[2025-06-27 04:15:15]     -> Channel 009 (Basal Inferior Temporal Gyrus) [61/138]
[2025-06-27 04:16:28]     -> Channel 008 (Basal Inferior Temporal Gyrus) [62/138]
[2025-06-27 04:17:41]     -> Channel 007 (Basal Inferior Temporal Gyrus) [63/138]
[2025-06-27 04:18:54]     -> Channel 006 (Temporal Occipital Sulcus*) [64/138]
[2025-06-27 04:20:07]     -> Channel 005 (Fusiform Gyrus) [65/138]
[2025-06-27 04:21:20]     -> Channel 004 (Fusiform Gyrus) [66/138]
[2025-06-27 04:22:33]     -> Channel 003 (Fusiform Gyrus) [67/138]
[2025-06-27 04:23:46]     -> Channel 002 (Parahippocampal) [68/138]
[2025-06-27 04:24:58]     -> Channel 001 (Parahippocampal) [69/138]
[2025-06-27 04:26:12]     -> Channel 079 (Out) [70/138]
[2025-06-27 04:27:29]     -> Channel 078 (Out) [71/138]
[2025-06-27 04:28:42]     -> Channel 077 (Middle Temporal Gyrus) [72/138]
[2025-06-27 04:29:55]     -> Channel 076 (Middle Temporal Gyrus) [73/138]
[2025-06-27 04:31:09]     -> Channel 075 (Temporal Pole*) [74/138]
[2025-06-27 04:32:22]     -> Channel 074 (Temporal Pole*) [75/138]
[2025-06-27 04:33:35]     -> Channel 073 (Temporal Pole*) [76/138]
[2025-06-27 04:34:48]     -> Channel 072 (Temporal Pole*) [77/138]
[2025-06-27 04:36:01]     -> Channel 071 (Temporal Pole*) [78/138]
[2025-06-27 04:37:14]     -> Channel 070 (Temporal Pole*) [79/138]
[2025-06-27 04:38:27]     -> Channel 094 (Planum Polare) [80/138]
[2025-06-27 04:39:40]     -> Channel 093 (Planum Polare) [81/138]
[2025-06-27 04:40:53]     -> Channel 092 (Planum Polare) [82/138]
[2025-06-27 04:42:07]     -> Channel 091 (Planum Polare) [83/138]
[2025-06-27 04:43:21]     -> Channel 090 (Sylvian Fissure) [84/138]
[2025-06-27 04:44:34]     -> Channel 089 (Ventral Insula) [85/138]
[2025-06-27 04:45:47]     -> Channel 088 (Ventral Insula) [86/138]
[2025-06-27 04:47:01]     -> Channel 087 (Ventral Insula) [87/138]
[2025-06-27 04:48:14]     -> Channel 086 (Posterior Orbitofrontal) [88/138]
[2025-06-27 04:49:27]     -> Channel 085 (Posterior Orbitofrontal) [89/138]
[2025-06-27 04:50:41]     -> Channel 084 (Posterior Orbitofrontal) [90/138]
[2025-06-27 04:51:54]     -> Channel 083 (Posterior Orbitofrontal) [91/138]
[2025-06-27 04:53:07]     -> Channel 082 (Posterior Orbitofrontal) [92/138]
[2025-06-27 04:54:20]     -> Channel 081 (Posterior Orbitofrontal) [93/138]
[2025-06-27 04:55:33]     -> Channel 080 (Posterior Orbitofrontal) [94/138]
[2025-06-27 04:56:46]     -> Channel 102 (Planum Polare) [95/138]
[2025-06-27 04:57:59]     -> Channel 101 (Planum Polare) [96/138]
[2025-06-27 04:59:12]     -> Channel 100 (Planum Polare) [97/138]
[2025-06-27 05:00:25]     -> Channel 099 (Planum Polare) [98/138]
[2025-06-27 05:01:38]     -> Channel 098 (Sylvian Fissure) [99/138]
[2025-06-27 05:02:52]     -> Channel 097 (Ventral Insula) [100/138]
[2025-06-27 05:04:05]     -> Channel 096 (Ventral Insula) [101/138]
[2025-06-27 05:05:17]     -> Channel 095 (Ventral Insula) [102/138]
[2025-06-27 05:06:30]     -> Channel 120 (Out) [103/138]
[2025-06-27 05:07:43]     -> Channel 119 (Planum Temporale) [104/138]
[2025-06-27 05:08:56]     -> Channel 118 (Planum Temporale) [105/138]
[2025-06-27 05:10:08]     -> Channel 117 (Planum Temporale) [106/138]
[2025-06-27 05:11:21]     -> Channel 116 (Planum Temporale) [107/138]
[2025-06-27 05:12:34]     -> Channel 115 (Planum Temporale) [108/138]
[2025-06-27 05:13:47]     -> Channel 114 (Planum Temporale) [109/138]
[2025-06-27 05:15:00]     -> Channel 113 (Heschl's Gyrus) [110/138]
[2025-06-27 05:16:12]     -> Channel 112 (Heschl's Gyrus) [111/138]
[2025-06-27 05:17:25]     -> Channel 111 (Heschl's Gyrus) [112/138]
[2025-06-27 05:18:39]     -> Channel 110 (Heschl's Gyrus) [113/138]
[2025-06-27 05:19:51]     -> Channel 109 (Posterior Insula) [114/138]
[2025-06-27 05:21:04]     -> Channel 108 (WM) [115/138]
[2025-06-27 05:22:17]     -> Channel 107 (WM) [116/138]
[2025-06-27 05:23:29]     -> Channel 106 (Pulvinar) [117/138]
[2025-06-27 05:24:42]     -> Channel 105 (Pulvinar) [118/138]
[2025-06-27 05:25:55]     -> Channel 104 (Pulvinar) [119/138]
[2025-06-27 05:27:08]     -> Channel 103 (Pulvinar) [120/138]
[2025-06-27 05:28:20]     -> Channel 138 (WM) [121/138]
[2025-06-27 05:29:33]     -> Channel 137 (WM) [122/138]
[2025-06-27 05:30:46]     -> Channel 136 (WM) [123/138]
[2025-06-27 05:31:59]     -> Channel 135 (WM) [124/138]
[2025-06-27 05:33:12]     -> Channel 134 (WM) [125/138]
[2025-06-27 05:34:25]     -> Channel 133 (WM) [126/138]
[2025-06-27 05:35:38]     -> Channel 132 (WM) [127/138]
[2025-06-27 05:36:50]     -> Channel 131 (WM) [128/138]
[2025-06-27 05:38:03]     -> Channel 130 (WM) [129/138]
[2025-06-27 05:39:16]     -> Channel 129 (WM) [130/138]
[2025-06-27 05:40:29]     -> Channel 128 (WM) [131/138]
[2025-06-27 05:41:41]     -> Channel 127 (WM) [132/138]
[2025-06-27 05:42:54]     -> Channel 126 (WM) [133/138]
[2025-06-27 05:44:07]     -> Channel 125 (WM) [134/138]
[2025-06-27 05:45:19]     -> Channel 124 (WM) [135/138]
[2025-06-27 05:46:32]     -> Channel 123 (Posterior Cingulate) [136/138]
[2025-06-27 05:47:45]     -> Channel 122 (Posterior Cingulate) [137/138]
[2025-06-27 05:48:58]     -> Channel 121 (Posterior Cingulate) [138/138]
[2025-06-27 05:50:11]   Saved subject data to /home/alabwam1/Desktop/modulogram_V7/trial-run-3/EMU024_win_mod20-80_session1_bw5_bins36/EMU024_session1_struct.mat
[2025-06-27 05:50:11] Saved combined data to /home/alabwam1/Desktop/modulogram_V7/trial-run-3/EMU024_win_mod20-80_session1_bw5_bins36/allSubjects_session1_20250627_055011.mat
